0000000000000000 A __start__
0000000000000000 T _start
0000000000000080 t startup
00000000000000a4 t bssclr_start
00000000000000cc t bss_loop
0000000000000120 T __nx_exit
0000000000000130 T __nx_mod0
0000000000000150 T _init
00000000000001c0 0000000000000038 T exit
0000000000000200 0000000000000008 T main
0000000000000208 t deregister_tm_clones
0000000000000238 t register_tm_clones
0000000000000270 t __do_global_dtors_aux
00000000000002b8 t frame_dummy
00000000000002f0 0000000000000030 T __libnx_initheap
0000000000000320 0000000000000004 T __appInit
0000000000000330 0000000000000004 T __appExit
0000000000000340 00000000000000a0 T __nx_dynamic
00000000000003e0 0000000000000028 W __libnx_init
0000000000000410 0000000000000020 W __libnx_exit
0000000000000430 000000000000001c T __syscall_exit
0000000000000450 0000000000000034 T __syscall_getreent
0000000000000490 0000000000000004 T __syscall_lock_acquire_recursive
00000000000004a0 0000000000000004 T __syscall_lock_release_recursive
00000000000004b0 0000000000000080 T newlibSetup
0000000000000530 0000000000000324 T argvSetup
0000000000000854 T svcUnmapMemory
000000000000085c T svcQueryMemory
0000000000000870 T svcExitProcess
0000000000000878 T svcCloseHandle
0000000000000880 T svcArbitrateLock
0000000000000888 T svcArbitrateUnlock
0000000000000890 T svcConnectToNamedPort
00000000000008a4 T svcSendSyncRequest
00000000000008ac T svcBreak
00000000000008b4 T svcReturnFromException
00000000000008bc T svcGetInfo
00000000000008d0 W __libnx_exception_entry
000000000000095c t __libnx_exception_entry_start
0000000000000a84 t __libnx_exception_entry_abort
0000000000000a88 t __libnx_exception_entry_end
0000000000000a90 T __libnx_exception_returnentry
0000000000000ab0 000000000000008c T mutexLock
0000000000000b40 0000000000000030 T mutexUnlock
0000000000000b70 000000000000004c T rmutexLock
0000000000000bc0 000000000000001c T rmutexUnlock
0000000000000be0 000000000000007c t _GetRegionFromInfo.isra.1
0000000000000c60 0000000000000114 T virtmemSetup
0000000000000d80 0000000000000044 T smAddOverrideHandle
0000000000000dd0 0000000000000014 T smHasInitialized
0000000000000df0 000000000000005c T smExit
0000000000000e50 0000000000000038 T smEncodeName
0000000000000e90 000000000000012c T smGetServiceOriginal
0000000000000fc0 0000000000000158 T smInitialize
0000000000001120 0000000000000140 t _fatalImpl
0000000000001260 0000000000000014 T fatalWithType
0000000000001280 0000000000000014 T fatalSimple
00000000000012a0 0000000000000208 T envSetup
00000000000014b0 0000000000000020 T envGetMainThreadHandle
00000000000014d0 000000000000000c T envIsNso
00000000000014e0 0000000000000014 T envHasArgv
0000000000001500 000000000000000c T envGetArgv
0000000000001510 000000000000000c T envGetExitFuncPtr
0000000000001520 00000000000000c4 T nxlinkSetup
00000000000015f0 000000000000017c T detectKernelVersion
0000000000001770 0000000000000030 T detectDebugger
00000000000017a0 0000000000000044 T __libc_fini_array
00000000000017e8 000000000000008c T __libc_init_array
0000000000001880 000000000000016c T memcpy
0000000000001a00 00000000000001dc T memset
0000000000001c00 0000000000000140 T strlen
0000000000001d5c 00000000000001b8 T strncmp
0000000000001f18 00000000000000a8 T strncpy
0000000000001fc0 00000000000001ac t _strtoul_l.isra.0
0000000000002170 0000000000000048 T strtoul
00000000000021b8 0000000000000124 T __call_exitprocs
00000000000022e0 0000000000000020 T _exit
0000000000002300 0000000000000014 T __libc_lock_acquire_recursive
0000000000002318 0000000000000014 T __libc_lock_release_recursive
0000000000002330 0000000000000020 T __getreent
0000000000002350 T _fini
0000000000003038 0000000000000101 R _ctype_
0000000000003140 r __EH_FRAME_BEGIN__
0000000000003140 R __eh_frame_hdr_end
0000000000003140 R __eh_frame_hdr_start
000000000000398c r __FRAME_END__
0000000000003990 a _DYNAMIC
0000000000004000 t __frame_dummy_init_array_entry
0000000000004000 T __init_array_start
0000000000004000 B __preinit_array_end
0000000000004000 B __preinit_array_start
0000000000004000 D __tdata_lma
0000000000004000 D __tdata_lma_end
0000000000004008 t __do_global_dtors_aux_fini_array_entry
0000000000004008 T __fini_array_start
0000000000004008 T __init_array_end
0000000000004010 a _GLOBAL_OFFSET_TABLE_
0000000000004010 T __fini_array_end
0000000000004010 T __got_start__
0000000000004128 D __got_end__
0000000000004128 0000000000000008 D nx_inner_heap_size
0000000000004130 0000000000000004 D __nx_applet_type
0000000000004138 0000000000000008 V __nx_exception_stack_size
0000000000004140 0000000000000008 D _impure_ptr
0000000000004148 0000000000000768 d impure_data
00000000000048b0 0000000000000008 D _global_impure_ptr
00000000000048b8 D __TMC_END__
00000000000048b8 D __bss_start__
00000000000048b8 b completed.7870
00000000000048c0 b object.7875
00000000000048f0 0000000000008000 B nx_inner_heap
000000000000c8f0 0000000000000004 V __nx_exception_ignoredebug
000000000000c900 0000000000000400 V __nx_exception_stack
000000000000cd00 0000000000000008 b g_argv_empty
000000000000cd08 0000000000000010 b g_AddressSpace
000000000000cd18 0000000000000030 b g_Region
000000000000cd48 0000000000000008 b g_refCnt
000000000000cd50 0000000000000004 b g_smHandle
000000000000cd58 0000000000000200 b g_smOverrides
000000000000cf58 0000000000000008 b g_smOverridesNum
000000000000cf60 0000000000000001 b g_hasRandomSeed
000000000000cf61 0000000000000001 b g_isNso
000000000000cf64 0000000000000004 b g_lastLoadResult
000000000000cf68 0000000000000008 b g_loaderRetAddr
000000000000cf70 0000000000000004 b g_mainThreadHandle
000000000000cf78 0000000000000008 b g_nextLoadArgv
000000000000cf80 0000000000000008 b g_nextLoadPath
000000000000cf88 0000000000000008 b g_overrideArgv
000000000000cf90 0000000000000008 b g_overrideHeapAddr
000000000000cf98 0000000000000008 b g_overrideHeapSize
000000000000cfa0 0000000000000004 b g_processHandle
000000000000cfa8 0000000000000010 b g_randomSeed
000000000000cfb8 0000000000000010 b g_syscallHints
000000000000cfc8 0000000000000004 b g_Version
000000000000cfcc 0000000000000001 b g_VersionCached
000000000000cfd0 0000000000000004 b g_VersionMutex
000000000000cfd8 000000000000000c B __atexit_recursive_mutex
000000000000cfe8 0000000000000008 B fake_heap_end
000000000000cff0 0000000000000008 B fake_heap_start
000000000000d000 0000000000000340 B __nx_exceptiondump
000000000000d340 0000000000000008 B __stack_top
000000000000d348 0000000000000008 B __system_argv
000000000000d350 0000000000000004 B __system_argc
000000000000d358 0000000000000004 B __nxlink_host
000000000000d360 B __bss_end__
000000000000d360 A __end__
000000000000d360 B __tls_end
000000000000d360 B __tls_start
000000000000e000 A __argdata__
