0000000000000000 b _TLS_MODULE_BASE_
0000000000000000 0000000000000401 b __fixedpath
0000000000000000 A __start__
0000000000000000 T _start
0000000000000080 t startup
00000000000000a4 t bssclr_start
00000000000000cc t bss_loop
0000000000000120 T __nx_exit
0000000000000130 T __nx_mod0
0000000000000150 T _init
00000000000001c0 0000000000000038 T exit
0000000000000200 0000000000000b60 T main
0000000000000408 0000000000002000 b tmp_buffer.7237
0000000000000d60 t deregister_tm_clones
0000000000000d90 t register_tm_clones
0000000000000dc8 t __do_global_dtors_aux
0000000000000e10 t frame_dummy
0000000000000e50 00000000000002e8 t pinmux_update_pad(unsigned long, unsigned int, unsigned int, unsigned int)
0000000000001140 00000000000002c0 t pmc_set_wake_event_level(unsigned long, unsigned int, unsigned int)
0000000000001400 0000000000000108 t pmc_set_wake_event_enabled(unsigned long, unsigned int, bool)
0000000000001510 0000000000000030 T __libnx_initheap
0000000000001540 00000000000000a8 T __appInit
00000000000015f0 0000000000000020 T __appExit
0000000000001610 0000000000000134 t _CacheValues()
0000000000001750 0000000000000038 T SetFirmwareVersionForLibnx()
0000000000001790 000000000000017c T detectKernelVersion
0000000000001910 0000000000000030 T detectDebugger
0000000000001940 000000000000008c T mutexLock
00000000000019d0 0000000000000030 T mutexUnlock
0000000000001a00 000000000000004c T rmutexLock
0000000000001a50 000000000000001c T rmutexUnlock
0000000000001a70 0000000000000034 t ipcCloseObjectById
0000000000001ab0 000000000000003c T pmshellInitialize
0000000000001af0 000000000000009c T pmshellExit
0000000000001b90 0000000000000044 T smAddOverrideHandle
0000000000001be0 0000000000000060 T smGetServiceOverride
0000000000001c40 0000000000000014 T smHasInitialized
0000000000001c60 000000000000005c T smExit
0000000000001cc0 0000000000000038 T smEncodeName
0000000000001d00 000000000000012c T smGetServiceOriginal
0000000000001e30 0000000000000158 T smInitialize
0000000000001f90 0000000000000074 T smGetService
0000000000002010 0000000000000140 t _fatalImpl
0000000000002150 0000000000000014 T fatalWithType
0000000000002170 0000000000000014 T fatalSimple
0000000000002190 000000000000002c t _splSrvInitialize
00000000000021c0 000000000000007c t _splGetCryptoSrv
0000000000002240 0000000000000018 t _splGetGeneralSrv.part.6
0000000000002260 0000000000000034 t ipcCloseObjectById
00000000000022a0 0000000000000078 t _splSrvExit
0000000000002320 000000000000001c T splInitialize
0000000000002340 0000000000000014 T splExit
0000000000002360 000000000000010c T splGetConfig
0000000000002408 0000000000002000 b tmp_buffer.7261
0000000000002470 0000000000000220 t ipcPrepareHeader
0000000000002690 000000000000022c t ipcParse
00000000000028c0 00000000000000b0 t serviceIpcParse
0000000000002970 0000000000000034 t ipcCloseObjectById
00000000000029b0 0000000000000200 T fsInitialize
0000000000002bb0 000000000000009c T fsExit
0000000000002c50 00000000000001cc T fsMountSdcard
0000000000002e20 00000000000001a4 T fsFsCreateFile
0000000000002fd0 000000000000019c T fsFsDeleteFile
0000000000003170 000000000000019c T fsFsCreateDirectory
0000000000003310 000000000000019c T fsFsDeleteDirectory
00000000000034b0 0000000000000214 T fsFsRenameFile
00000000000036d0 0000000000000214 T fsFsRenameDirectory
00000000000038f0 00000000000001b0 T fsFsGetEntryType
0000000000003aa0 00000000000001e4 T fsFsOpenFile
0000000000003c90 00000000000001f8 T fsFsOpenDirectory
0000000000003e90 00000000000001b0 T fsFsGetFreeSpace
0000000000004040 00000000000001b0 T fsFsGetTotalSpace
00000000000041f0 0000000000000194 T fsFsGetFileTimeStampRaw
0000000000004390 000000000000006c T fsFsClose
0000000000004400 00000000000001f0 T fsFileRead
00000000000045f0 00000000000001b8 T fsFileWrite
00000000000047b0 000000000000016c T fsFileFlush
0000000000004920 0000000000000174 T fsFileSetSize
0000000000004aa0 0000000000000194 T fsFileGetSize
0000000000004c40 000000000000006c T fsFileClose
0000000000004cb0 000000000000006c T fsDirClose
0000000000004d20 00000000000001ec T fsDirRead
0000000000004f10 0000000000000010 T hosversionGet
0000000000004f20 0000000000000010 T hosversionSet
0000000000004f30 0000000000000044 t consoleDrawChar
0000000000004f80 0000000000000028 t debug_write
0000000000004fb0 0000000000000140 t consoleClearLine
00000000000050f0 000000000000004c t consoleNewRow
0000000000005140 0000000000000118 t consolePrintChar
0000000000005260 000000000000015c t consoleCls
00000000000053c0 00000000000007e0 t con_write
0000000000005ba0 00000000000000c8 T consoleDebugInit
0000000000005c70 0000000000000010 t fsdev_link
0000000000005c80 0000000000000010 t fsdev_dirreset
0000000000005c90 0000000000000010 t fsdev_chmod
0000000000005ca0 000000000000001c t error_cmp
0000000000005cc0 0000000000000058 t fsdev_translate_error
0000000000005d20 0000000000000040 t fsdev_fsync
0000000000005d60 0000000000000060 t fsdev_ftruncate
0000000000005dc0 0000000000000020 t fsdev_dirclose
0000000000005de0 000000000000016c t fsdev_dirnext
0000000000005f50 000000000000001c t fsdev_close
0000000000005f70 00000000000000a4 t fsdev_fstat
0000000000006020 00000000000000b0 t fsdev_seek
00000000000060d0 0000000000000198 t fsdev_read
0000000000006270 00000000000001a0 t fsdev_write
0000000000006410 0000000000000120 t fsdevFindDevice
0000000000006530 0000000000000140 t _fsdevMountDevice
0000000000006670 00000000000001fc t fsdev_getfspath
0000000000006870 0000000000000070 t fsdev_rmdir
00000000000068e0 00000000000000d4 t fsdev_statvfs
00000000000069c0 00000000000000ec t fsdev_diropen
0000000000006ab0 0000000000000070 t fsdev_mkdir
0000000000006b20 0000000000000114 t fsdev_rename
0000000000006c40 00000000000000e8 t fsdev_chdir
0000000000006d30 0000000000000070 t fsdev_unlink
0000000000006da0 00000000000001bc t fsdev_stat
0000000000006f60 000000000000019c t fsdev_open
0000000000007100 00000000000000b8 t _fsdevUnmountDeviceStruct.part.4
00000000000071c0 0000000000000010 t fsdev_fchmod
00000000000071d0 0000000000000170 T fsdevMountSdmc
0000000000007340 0000000000000064 T fsdevUnmountAll
00000000000073b0 000000000000012c T decode_utf8
00000000000074dc T svcUnmapMemory
00000000000074e4 T svcQueryMemory
00000000000074f8 T svcExitProcess
0000000000007500 T svcSleepThread
0000000000007508 T svcCloseHandle
0000000000007510 T svcArbitrateLock
0000000000007518 T svcArbitrateUnlock
0000000000007520 T svcConnectToNamedPort
0000000000007534 T svcSendSyncRequest
000000000000753c T svcBreak
0000000000007544 T svcOutputDebugString
000000000000754c T svcReturnFromException
0000000000007554 T svcGetInfo
0000000000007568 T svcReadWriteRegister
000000000000757c T svcQueryIoMapping
0000000000007590 T svcCallSecureMonitor
00000000000075c4 T __aarch64_read_tp
00000000000075d0 00000000000000a0 T __nx_dynamic
0000000000007670 0000000000000028 W __libnx_init
00000000000076a0 0000000000000020 W __libnx_exit
00000000000076c0 000000000000001c T __syscall_exit
00000000000076e0 0000000000000034 T __syscall_getreent
0000000000007720 0000000000000004 T __syscall_lock_acquire
0000000000007730 0000000000000004 T __syscall_lock_release
0000000000007740 0000000000000004 T __syscall_lock_acquire_recursive
0000000000007750 0000000000000004 T __syscall_lock_release_recursive
0000000000007760 0000000000000080 T newlibSetup
00000000000077e0 0000000000000324 T argvSetup
0000000000007b04 W __libnx_exception_entry
0000000000007b90 t __libnx_exception_entry_start
0000000000007cb8 t __libnx_exception_entry_abort
0000000000007cbc t __libnx_exception_entry_end
0000000000007cc4 T __libnx_exception_returnentry
0000000000007ce0 000000000000007c t _GetRegionFromInfo.isra.1
0000000000007d60 0000000000000114 T virtmemSetup
0000000000007e80 0000000000000208 T envSetup
0000000000008090 0000000000000020 T envGetMainThreadHandle
00000000000080b0 000000000000000c T envIsNso
00000000000080c0 0000000000000014 T envHasArgv
00000000000080e0 000000000000000c T envGetArgv
00000000000080f0 000000000000000c T envGetExitFuncPtr
0000000000008100 00000000000000c4 T nxlinkSetup
00000000000081c8 0000000000000018 T abort
00000000000081e0 00000000000000b8 T bsearch
0000000000008298 0000000000000094 T _calloc_r
0000000000008330 0000000000000044 T __libc_fini_array
0000000000008378 000000000000008c T __libc_init_array
0000000000008408 000000000000001c T malloc
0000000000008428 000000000000001c T free
0000000000008448 000000000000087c T _malloc_r
0000000000008cc4 00000000000000d8 T memchr
0000000000008dc0 000000000000016c T memcpy
0000000000008f40 00000000000001dc T memset
0000000000009120 000000000000000c T __malloc_lock
0000000000009130 000000000000000c T __malloc_unlock
0000000000009140 000000000000025c T setvbuf
00000000000093a0 00000000000000b4 T _raise_r
0000000000009458 000000000000001c T raise
0000000000009478 00000000000000bc T sscanf
0000000000009538 0000000000000050 T __sread
0000000000009588 0000000000000008 T __seofread
0000000000009590 000000000000006c T __swrite
0000000000009600 0000000000000050 T __sseek
0000000000009650 0000000000000008 T __sclose
0000000000009658 00000000000000dc T strchr
0000000000009740 0000000000000140 T strlen
0000000000009880 0000000000000084 T strncat
000000000000995c 00000000000001b8 T strncmp
0000000000009b18 00000000000000a8 T strncpy
0000000000009be4 00000000000000e0 T strnlen
0000000000009ca0 00000000000001ac t _strtoul_l.isra.0
0000000000009e50 0000000000000034 T _strtoul_r
0000000000009e88 0000000000000048 T strtoul
0000000000009ed0 000000000000005c t get_arg
0000000000009f2c 0000000000002fd8 T __ssvfscanf_r
000000000000cf08 00000000000000d0 T _wcrtomb_r
000000000000cfd8 0000000000000010 T _wcsrtombs_r
000000000000cfe8 0000000000000124 T __call_exitprocs
000000000000d110 00000000000001a8 t quorem
000000000000d2b8 00000000000010dc T _dtoa_r
000000000000e398 0000000000000214 T __sflush_r
000000000000e5b0 00000000000000b8 T _fflush_r
000000000000e668 0000000000000078 t std
000000000000e6e0 000000000000000c T _cleanup_r
000000000000e6f0 000000000000000c T __sfp_lock_acquire
000000000000e700 000000000000000c T __sfp_lock_release
000000000000e710 000000000000000c T __sinit_lock_acquire
000000000000e720 000000000000000c T __sinit_lock_release
000000000000e730 0000000000000080 T __sinit
000000000000e7b0 0000000000000118 T _malloc_trim_r
000000000000e8c8 00000000000002f4 T _free_r
000000000000ebc0 00000000000000bc T _fwalk_reent
000000000000ec80 0000000000000008 T iswspace
000000000000ec88 0000000000000008 T __localeconv_l
000000000000ec90 0000000000000028 T _localeconv_r
000000000000ecb8 000000000000002c T __locale_mb_cur_max
000000000000ece8 00000000000000a4 T __swhatbuf_r
000000000000ed90 00000000000000d8 T _mbrtowc_r
000000000000ee68 00000000000002c8 T __utf8_mbtowc
000000000000f130 0000000000000090 T _Balloc
000000000000f1c0 000000000000001c T _Bfree
000000000000f1e0 00000000000000e8 T __multadd
000000000000f2c8 0000000000000120 T __s2b
000000000000f3e8 000000000000005c T __hi0bits
000000000000f448 00000000000000a0 T __lo0bits
000000000000f4e8 000000000000002c T __i2b
000000000000f518 00000000000001c8 T __multiply
000000000000f6e0 0000000000000104 T __pow5mult
000000000000f7e8 0000000000000134 T __lshift
000000000000f920 0000000000000050 T __mcmp
000000000000f970 000000000000014c T __mdiff
000000000000fac0 0000000000000068 T __ulp
000000000000fb28 0000000000000150 T __b2d
000000000000fc78 0000000000000138 T __d2b
000000000000fdb0 00000000000000a0 T __ratio
000000000000fe50 0000000000000068 T __copybits
000000000000feb8 0000000000000084 T __any_on
000000000000ff40 0000000000000030 T realloc
000000000000ff70 000000000000056c T _realloc_r
00000000000104e0 00000000000000bc T __sccl
00000000000105a0 000000000000000c T nanf
00000000000105b0 000000000000007c T frexp
0000000000010630 00000000000000a8 T sprintf
00000000000106d8 00000000000000c8 T stpncpy
00000000000107c0 00000000000000e4 T strcmp
00000000000108a8 0000000000000054 t sulp
0000000000010900 00000000000010e8 T _strtod_l
00000000000119e8 0000000000000040 T _strtod_r
0000000000011a28 00000000000001a0 t _strtoll_l.isra.0
0000000000011bc8 0000000000000034 T _strtoll_r
0000000000011c00 00000000000001a0 t _strtol_l.isra.0
0000000000011da0 0000000000000034 T _strtol_r
0000000000011dd8 00000000000001ac t _strtoull_l.isra.0
0000000000011f88 0000000000000034 T _strtoull_r
0000000000011fbc 00000000000001c0 T __ssprint_r
000000000001217c 00000000000000f4 T _sungetc_r
0000000000012270 0000000000000070 T __ssrefill_r
00000000000122e0 00000000000000e0 T _sfread_r
00000000000123c0 000000000000076c t get_arg
0000000000012b2c 0000000000003b38 T _svfprintf_r
0000000000016668 00000000000000c8 T __submore
0000000000016730 00000000000001dc T _wcsnrtombs_l
0000000000016910 0000000000000054 T _wcsnrtombs_r
0000000000016968 00000000000000e4 T __utf8_wctomb
0000000000016a50 000000000000015c T _fclose_r
0000000000016bb0 0000000000000114 t rshift
0000000000016cc8 00000000000007e8 T __gethex
00000000000174b0 0000000000000048 T __match
00000000000174f8 000000000000022c T __hexnan
0000000000017728 000000000000004c T iswspace_l
0000000000017778 0000000000000244 t __jp2uc
00000000000179c0 00000000000000bc T _jp2uc_l
0000000000017a80 00000000000000ac T memmove
0000000000017b30 000000000000000c T nan
0000000000017b40 0000000000000088 T category
0000000000017bc8 0000000000000008 t null_write
0000000000017bd0 0000000000000018 T setDefaultDevice
0000000000017be8 0000000000000108 T FindDevice
0000000000017cf0 0000000000000034 T RemoveDevice
0000000000017d28 00000000000000d8 T AddDevice
0000000000017e00 00000000000000a8 T _close_r
0000000000017ea8 0000000000000080 T _fstat_r
0000000000017f28 0000000000000010 T _getpid_r
0000000000017f38 0000000000000010 T _kill_r
0000000000017f48 0000000000000094 T _lseek_r
0000000000017fe0 00000000000000a4 T _read_r
0000000000018088 0000000000000078 T _sbrk_r
0000000000018100 00000000000000a4 T _write_r
00000000000181a8 0000000000000020 T _exit
00000000000181c8 0000000000000234 T _concatenate_path
0000000000018400 0000000000000178 T chdir
0000000000018578 0000000000000014 T __libc_lock_acquire
0000000000018590 0000000000000014 T __libc_lock_release
00000000000185a8 000000000000000c T __libc_lock_init_recursive
00000000000185b8 0000000000000014 T __libc_lock_acquire_recursive
00000000000185d0 0000000000000014 T __libc_lock_release_recursive
00000000000185e8 0000000000000004 T __libc_lock_close_recursive
00000000000185f0 000000000000003c T __free_handle
0000000000018630 0000000000000058 T __release_handle
0000000000018688 0000000000000020 T __get_handle
00000000000186a8 0000000000000020 T __getreent
00000000000186c8 0000000000000150 t __extenddftf2
0000000000018818 0000000000000348 t __trunctfdf2
0000000000018b60 0000000000000070 t __sfp_handle_exceptions
0000000000018bd0 0000000000000100 T strrchr
0000000000018cd0 T _fini
0000000000019018 0000000000000834 r g_pinmux_map
0000000000019850 00000000000001e0 r g_gpio_config_map_icosa
0000000000019a30 0000000000000280 r g_gpio_map
0000000000019cb0 0000000000000160 r g_gpio_config_map_copper
0000000000019e10 00000000000001d0 r g_gpio_config_map_mariko
0000000000019fe0 000000000000078c r g_pinmux_config_map_icosa
000000000001a770 000000000000078c r g_pinmux_config_map_copper
000000000001af00 0000000000000828 r g_pinmux_config_map_mariko
000000000001b728 0000000000000234 r g_pinmux_drivepad_config_map
000000000001b960 00000000000004a0 r g_pinmux_drivepad_map
000000000001be00 000000000000006c r g_pmc_control_map
000000000001be70 000000000000024c r g_pmc_wake_pin_map_copper
000000000001c0c0 000000000000024c r g_pmc_wake_pin_map_icosa
000000000001c310 000000000000001c r CSWTCH.8
000000000001c440 0000000000000018 r error_table
000000000001c470 0000000000000101 R _ctype_
000000000001c638 0000000000000022 r basefix.6623
000000000001c6f8 0000000000000028 R __mprec_bigtens
000000000001c720 00000000000000c8 R __mprec_tens
000000000001c7e8 000000000000000c r p05.5339
000000000001c828 0000000000000014 r fpi.5419
000000000001c840 0000000000000014 r fpinan.5455
000000000001c858 0000000000000028 r tinytens
000000000001c880 000000000000006c R __action_table
000000000001c8f0 0000000000000100 R __chclass
000000000001c9f0 000000000000006c R __state_table
000000000001cbe8 0000000000000010 r blanks.6590
000000000001cbf8 0000000000000010 r zeroes.6591
000000000001cc08 0000000000000100 R __hexdig
000000000001cd20 00000000000000bc r a1
000000000001cde0 00000000000000bc r a2
000000000001cea0 000000000000005b r a3
000000000001cf00 0000000000000070 r a6
000000000001cf70 00000000000000a2 r a7
000000000001d018 0000000000000040 r a8
000000000001d058 000000000000172a r b02cf
000000000001e788 0000000000001a7c r d02f4
0000000000020208 000000000000309c r categories
00000000000232b0 0000000000000003 R DIRECTORY_PARENT
00000000000232b8 r __EH_FRAME_BEGIN__
00000000000232b8 R __eh_frame_hdr_end
00000000000232b8 R __eh_frame_hdr_start
00000000000264bc r __FRAME_END__
00000000000264c0 a _DYNAMIC
0000000000029000 t __frame_dummy_init_array_entry
0000000000029000 T __init_array_start
0000000000029000 B __preinit_array_end
0000000000029000 B __preinit_array_start
0000000000029000 D __tdata_lma
0000000000029000 D __tdata_lma_end
0000000000029008 t __do_global_dtors_aux_fini_array_entry
0000000000029008 T __fini_array_start
0000000000029008 T __init_array_end
0000000000029010 a _GLOBAL_OFFSET_TABLE_
0000000000029010 T __fini_array_end
0000000000029010 T __got_start__
0000000000029218 D __got_end__
0000000000029218 0000000000000008 D nx_inner_heap_size
0000000000029220 0000000000000004 D __nx_applet_type
0000000000029228 0000000000000008 d currentConsole
0000000000029230 00000000000000e0 d dotab_null
0000000000029310 00000000000000e0 d dotab_stdout
00000000000293f0 00000000000000e0 d dotab_svc
00000000000294d0 0000000000000401 d __cwd
00000000000298d4 0000000000000004 d fsdev_fsdevice_cwd
00000000000298d8 0000000000000004 d fsdev_fsdevice_default
00000000000298e0 00000000000000e0 d fsdev_devoptab
00000000000299c0 0000000000000008 V __nx_exception_stack_size
00000000000299c8 0000000000000008 D _impure_ptr
00000000000299d0 0000000000000768 d impure_data
000000000002a138 0000000000000008 D _global_impure_ptr
000000000002a140 0000000000000008 D __malloc_sbrk_base
000000000002a148 0000000000000008 D __malloc_trim_threshold
000000000002a150 0000000000000810 D __malloc_av_
000000000002a960 00000000000001a8 D __global_locale
000000000002ab08 0000000000000002 d numempty
000000000002ab10 0000000000000018 D _C_numeric_locale
000000000002ab28 0000000000000004 d defaultDevice
000000000002ab30 0000000000000080 D devoptab_list
000000000002abb0 00000000000000e0 D dotab_stdnull
000000000002ac90 0000000000000400 d _current_working_directory
000000000002b090 0000000000000010 d __stderr_handle
000000000002b0a0 0000000000000010 d __stdin_handle
000000000002b0b0 0000000000000010 d __stdout_handle
000000000002b0c0 0000000000002000 d handles
000000000002d0c0 D __TMC_END__
000000000002d0c0 D __bss_start__
000000000002d0c0 b completed.7870
000000000002d0c8 b object.7875
000000000002d0f8 0000000000200000 B nx_inner_heap
000000000022d0f8 0000000000000001 b g_HasCached
000000000022d0fc 0000000000000004 b g_Mutex
000000000022d100 0000000000000004 b g_firmware_version
000000000022d104 0000000000000004 b g_Version
000000000022d108 0000000000000001 b g_VersionCached
000000000022d10c 0000000000000004 b g_VersionMutex
000000000022d110 0000000000000008 b g_pmshellRefCnt
000000000022d118 000000000000000c b g_pmshellSrv
000000000022d128 0000000000000008 b g_refCnt
000000000022d130 0000000000000004 b g_smHandle
000000000022d138 0000000000000200 b g_smOverrides
000000000022d338 0000000000000008 b g_smOverridesNum
000000000022d340 000000000000000c b g_splCryptoSrv
000000000022d350 000000000000000c b g_splEsSrv
000000000022d360 000000000000000c b g_splFsSrv
000000000022d370 000000000000000c b g_splManuSrv
000000000022d380 0000000000000008 b g_splRefCnt
000000000022d388 000000000000000c b g_splSrv
000000000022d398 000000000000000c b g_splSslSrv
000000000022d3a8 000000000000000c b g_fsSrv
000000000022d3b8 0000000000000008 b g_refCnt
000000000022d3c0 0000000000000004 b g_hosVersion
000000000022d3c8 0000000000000058 b currentCopy
000000000022d420 0000000000002300 b fsdev_fsdevices
000000000022f720 0000000000000001 b fsdev_initialised
000000000022f724 0000000000000004 V __nx_exception_ignoredebug
000000000022f730 0000000000000400 V __nx_exception_stack
000000000022fb30 0000000000000008 b g_argv_empty
000000000022fb38 0000000000000010 b g_AddressSpace
000000000022fb48 0000000000000030 b g_Region
000000000022fb78 0000000000000001 b g_hasRandomSeed
000000000022fb79 0000000000000001 b g_isNso
000000000022fb7c 0000000000000004 b g_lastLoadResult
000000000022fb80 0000000000000008 b g_loaderRetAddr
000000000022fb88 0000000000000004 b g_mainThreadHandle
000000000022fb90 0000000000000008 b g_nextLoadArgv
000000000022fb98 0000000000000008 b g_nextLoadPath
000000000022fba0 0000000000000008 b g_overrideArgv
000000000022fba8 0000000000000008 b g_overrideHeapAddr
000000000022fbb0 0000000000000008 b g_overrideHeapSize
000000000022fbb8 0000000000000004 b g_processHandle
000000000022fbc0 0000000000000010 b g_randomSeed
000000000022fbd0 0000000000000010 b g_syscallHints
000000000022fbe0 0000000000000028 B __malloc_current_mallinfo
000000000022fc08 0000000000000008 B __malloc_max_sbrked_mem
000000000022fc10 0000000000000008 B __malloc_max_total_mem
000000000022fc18 0000000000000008 B __malloc_top_pad
000000000022fc20 000000000000000c b __malloc_recursive_mutex
000000000022fc30 000000000000000c B __atexit_recursive_mutex
000000000022fc40 000000000000000c b __sfp_recursive_mutex
000000000022fc50 000000000000000c b __sinit_recursive_mutex
000000000022fc60 0000000000000008 b heap_start.5295
000000000022fc68 0000000000000008 B fake_heap_end
000000000022fc70 0000000000000008 B fake_heap_start
000000000022fc78 0000000000000400 b temp_cwd
0000000000230078 0000000000000004 b __hndl_lock
0000000000230080 0000000000000340 B __nx_exceptiondump
00000000002303c0 0000000000000008 B __stack_top
00000000002303c8 0000000000000008 B __system_argv
00000000002303d0 0000000000000004 B __system_argc
00000000002303d8 0000000000000004 B __nxlink_host
00000000002303e0 B __tls_start
00000000002347e8 B __bss_end__
00000000002347e8 A __end__
00000000002347e8 B __tls_end
0000000000235000 A __argdata__
