0000000000000000 b _TLS_MODULE_BASE_
0000000000000000 0000000000000401 b __fixedpath
0000000000000000 A __start__
0000000000000000 T _start
0000000000000080 t startup
00000000000000a4 t bssclr_start
00000000000000cc t bss_loop
0000000000000120 T __nx_exit
0000000000000130 T __nx_mod0
0000000000000150 T _init
00000000000001c0 0000000000000038 T exit
0000000000000200 00000000000001b0 T main
00000000000003b0 t deregister_tm_clones
00000000000003e0 t register_tm_clones
0000000000000408 0000000000002000 b tmp_buffer.7237
0000000000000418 t __do_global_dtors_aux
0000000000000460 t frame_dummy
00000000000004a0 000000000000007c T do_iram_dram_copy
0000000000000520 0000000000000220 t ipcPrepareHeader
0000000000000740 000000000000022c t ipcParse
0000000000000970 0000000000000078 t ipcConvertSessionToDomain
00000000000009f0 0000000000000084 t ipcCloneSession.constprop.48
0000000000000a80 0000000000000034 t ipcCloseObjectById
0000000000000ac0 000000000000018c t _appletGetOperationMode.constprop.40
0000000000000c50 000000000000019c t _appletReceiveMessage
0000000000000df0 000000000000018c t _appletGetCurrentFocusState.constprop.42
0000000000000f80 0000000000000164 t _appletCmdNoIO
00000000000010f0 000000000000018c t _appletGetPerformanceMode.constprop.41
0000000000001280 00000000000001d8 t _appletGetSession
0000000000001460 000000000000017c t _appletCmdNoInOut64
00000000000015e0 0000000000000164 t _appletSetOperationModeChangedNotification.constprop.43
0000000000001750 0000000000000164 t _appletSetPerformanceModeChangedNotification.constprop.44
00000000000018c0 000000000000016c t _appletSetOutOfFocusSuspendingEnabled
0000000000001a30 000000000000017c t _appletSetFocusHandlingMode
0000000000001bb0 0000000000000178 t _appletGetHandle.constprop.39
0000000000001d30 0000000000000054 t _appletGetEvent.constprop.38
0000000000001d90 00000000000001f0 t _appletGetSessionProxy.constprop.37
0000000000001f80 0000000000000010 T appletGetAppletType
0000000000001f90 00000000000000f0 T appletSetFocusHandlingMode
0000000000002080 0000000000000028 T appletGetAppletResourceUserId
00000000000020b0 00000000000001f4 T appletNotifyRunning
00000000000022b0 00000000000001dc T appletSetGamePlayRecordingState
0000000000002408 0000000000002000 b tmp_buffer.7261
0000000000002490 000000000000069c T appletExit
0000000000002b30 00000000000004f0 T appletInitialize
0000000000003020 0000000000000010 t _appletExitProcess
0000000000003030 0000000000000014 T appletCreateManagedDisplayLayer
0000000000003050 000000000000005c T appletGetMessage
00000000000030b0 0000000000000118 T appletProcessMessage
00000000000031d0 0000000000000034 T appletMainLoop
0000000000003210 0000000000000034 t ipcCloseObjectById
0000000000003250 0000000000000124 t _hidGetSharedMemoryHandle.constprop.10
0000000000003380 0000000000000100 t _hidCmdWithNoInput
0000000000003480 0000000000000134 t _hidCreateAppletResource.constprop.9
00000000000035c0 000000000000010c t _hidCmdWithInputU32
00000000000036d0 0000000000000108 t _hidCmdWithInputU64.constprop.11
00000000000037e0 00000000000001e0 T hidReset
00000000000039c0 000000000000000c T hidGetSharedmemAddr
00000000000039d0 000000000000006c T hidKeysDown
0000000000003a40 000000000000000c T hidTouchCount
0000000000003a50 0000000000000578 T hidScanInput
0000000000003fd0 0000000000000198 T hidSetSupportedNpadIdType
0000000000004170 000000000000000c T hidSetSupportedNpadStyleSet
0000000000004180 0000000000000008 T hidSetNpadJoyHoldType
0000000000004190 000000000000000c T hidSetNpadJoyAssignmentModeDual
00000000000041a0 000000000000012c T hidExit
00000000000042d0 0000000000000168 T hidInitialize
0000000000004440 0000000000000044 T smAddOverrideHandle
0000000000004490 0000000000000060 T smGetServiceOverride
00000000000044f0 0000000000000014 T smHasInitialized
0000000000004510 000000000000005c T smExit
0000000000004570 0000000000000038 T smEncodeName
00000000000045b0 000000000000012c T smGetServiceOriginal
00000000000046e0 0000000000000158 T smInitialize
0000000000004840 0000000000000074 T smGetService
00000000000048c0 0000000000000140 t _fatalImpl
0000000000004a00 0000000000000014 T fatalWithType
0000000000004a20 0000000000000014 T fatalSimple
0000000000004a40 0000000000000034 t ipcCloseObjectById
0000000000004a80 0000000000000124 t _apmGetSession.constprop.4
0000000000004bb0 00000000000000f0 T apmExit
0000000000004ca0 000000000000008c T apmInitialize
0000000000004d30 00000000000000cc T apmSetPerformanceConfiguration
0000000000004e00 000000000000002c t _splSrvInitialize
0000000000004e30 000000000000007c t _splGetCryptoSrv
0000000000004eb0 0000000000000018 t _splGetGeneralSrv.part.6
0000000000004ed0 0000000000000034 t ipcCloseObjectById
0000000000004f10 0000000000000078 t _splSrvExit
0000000000004f90 000000000000001c T splInitialize
0000000000004fb0 0000000000000014 T splExit
0000000000004fd0 00000000000000f4 T splSetConfig
00000000000050d0 0000000000000010 T hosversionGet
00000000000050e0 0000000000000010 T hosversionSet
00000000000050f0 0000000000000208 T envSetup
0000000000005300 0000000000000020 T envGetMainThreadHandle
0000000000005320 000000000000000c T envIsNso
0000000000005330 0000000000000014 T envHasHeapOverride
0000000000005350 000000000000000c T envGetHeapOverrideAddr
0000000000005360 000000000000000c T envGetHeapOverrideSize
0000000000005370 0000000000000014 T envHasArgv
0000000000005390 000000000000000c T envGetArgv
00000000000053a0 000000000000000c T envGetExitFuncPtr
00000000000053b0 000000000000000c T envSetExitFuncPtr
00000000000053c0 0000000000000044 t consoleDrawChar
0000000000005410 0000000000000140 t consoleClearLine
0000000000005550 000000000000004c t consoleNewRow
00000000000055a0 0000000000000118 t consolePrintChar
00000000000056c0 000000000000015c t consoleCls
0000000000005820 00000000000007e0 t con_write
0000000000006000 000000000000011c T consoleInit
0000000000006120 0000000000000048 T consoleExit
0000000000006170 0000000000000028 T consoleUpdate
00000000000061a0 0000000000000070 t ConsoleSwRenderer_flushAndSwap
0000000000006210 00000000000000c4 t ConsoleSwRenderer_scrollWindow
00000000000062e0 0000000000000188 t ConsoleSwRenderer_drawChar
0000000000006470 000000000000003c t ConsoleSwRenderer_deinit
00000000000064b0 00000000000000f4 t ConsoleSwRenderer_init
00000000000065b0 000000000000000c W getDefaultConsoleRenderer
00000000000065bc T svcSetHeapSize
00000000000065d0 T svcSetMemoryAttribute
00000000000065d8 T svcUnmapMemory
00000000000065e0 T svcQueryMemory
00000000000065f4 T svcExitProcess
00000000000065fc T svcSleepThread
0000000000006604 T svcMapSharedMemory
000000000000660c T svcUnmapSharedMemory
0000000000006614 T svcCreateTransferMemory
0000000000006628 T svcCloseHandle
0000000000006630 T svcResetSignal
0000000000006638 T svcWaitSynchronization
000000000000664c T svcArbitrateLock
0000000000006654 T svcArbitrateUnlock
000000000000665c T svcWaitProcessWideKeyAtomic
0000000000006664 T svcSignalProcessWideKey
000000000000666c T svcConnectToNamedPort
0000000000006680 T svcSendSyncRequest
0000000000006688 T svcBreak
0000000000006690 T svcReturnFromException
0000000000006698 T svcGetInfo
00000000000066ac T svcUnmapTransferMemory
00000000000066b4 T svcCallSecureMonitor
00000000000066f0 000000000000017c T detectKernelVersion
0000000000006870 0000000000000030 T detectDebugger
00000000000068a0 00000000000000a8 T tmemCreate
0000000000006950 0000000000000058 T tmemUnmap
00000000000069b0 0000000000000068 T tmemClose
0000000000006a20 0000000000000104 t _waitLoop
0000000000006b30 0000000000000338 t _waitObjectsImpl
0000000000006e70 000000000000000c T waitObjects
0000000000006e80 0000000000000058 T rwlockReadLock
0000000000006ee0 000000000000005c T rwlockReadUnlock
0000000000006f40 0000000000000084 T rwlockWriteLock
0000000000006fd0 000000000000003c T rwlockWriteUnlock
0000000000007010 000000000000008c T mutexLock
00000000000070a0 0000000000000030 T mutexUnlock
00000000000070d0 000000000000004c T rmutexLock
0000000000007120 000000000000001c T rmutexUnlock
0000000000007140 0000000000000014 T shmemLoadRemote
0000000000007160 0000000000000084 T shmemMap
00000000000071f0 0000000000000058 T shmemUnmap
0000000000007250 0000000000000044 T shmemClose
00000000000072a0 000000000000007c t _GetRegionFromInfo.isra.1
0000000000007320 0000000000000114 T virtmemSetup
0000000000007440 000000000000013c T virtmemReserve
0000000000007580 0000000000000004 T virtmemFree
0000000000007590 000000000000000c T eventLoadRemote
00000000000075a0 0000000000000038 T eventWait
00000000000075e0 0000000000000050 T eventClose
0000000000007630 0000000000000060 T condvarWaitTimeout
0000000000007690 0000000000000080 T framebufferMakeLinear
0000000000007710 0000000000000078 T framebufferClose
0000000000007790 0000000000000298 T framebufferCreate
0000000000007a30 0000000000000080 T framebufferBegin
0000000000007ab0 000000000000017c T framebufferEnd
0000000000007c30 000000000000000c T nwindowGetDefault
0000000000007c40 00000000000000c8 T __nx_win_init
0000000000007d10 0000000000000034 T __nx_win_exit
0000000000007d50 0000000000000054 t _nwindowConnect
0000000000007db0 0000000000000040 t _nwindowDisconnect
0000000000007df0 0000000000000024 T nwindowIsValid
0000000000007e20 000000000000006c T nwindowClose
0000000000007e90 00000000000000c4 T nwindowCreate
0000000000007f60 000000000000000c T nwindowCreateFromLayer
0000000000007f70 0000000000000088 T nwindowSetDimensions
0000000000008000 0000000000000154 T nwindowConfigureBuffer
0000000000008160 00000000000001e4 T nwindowDequeueBuffer
0000000000008350 0000000000000144 T nwindowQueueBuffer
00000000000084a0 00000000000000ac T nwindowReleaseBuffers
0000000000008550 00000000000000a0 T __nx_dynamic
00000000000085f0 00000000000000d8 W __libnx_initheap
00000000000086d0 00000000000000dc W __appInit
00000000000087b0 0000000000000044 W __appExit
0000000000008800 0000000000000028 W __libnx_init
0000000000008830 0000000000000020 W __libnx_exit
0000000000008850 000000000000001c T __syscall_exit
0000000000008870 0000000000000034 T __syscall_getreent
00000000000088b0 0000000000000004 T __syscall_lock_acquire
00000000000088c0 0000000000000004 T __syscall_lock_release
00000000000088d0 0000000000000004 T __syscall_lock_acquire_recursive
00000000000088e0 0000000000000004 T __syscall_lock_release_recursive
00000000000088f0 000000000000027c T __libnx_init_time
0000000000008b70 0000000000000080 T newlibSetup
0000000000008bf0 0000000000000324 T argvSetup
0000000000008f20 0000000000000010 t fsdev_link
0000000000008f30 0000000000000010 t fsdev_dirreset
0000000000008f40 0000000000000010 t fsdev_chmod
0000000000008f50 000000000000001c t error_cmp
0000000000008f70 0000000000000058 t fsdev_translate_error
0000000000008fd0 0000000000000040 t fsdev_fsync
0000000000009010 0000000000000060 t fsdev_ftruncate
0000000000009070 0000000000000020 t fsdev_dirclose
0000000000009090 000000000000016c t fsdev_dirnext
0000000000009200 000000000000001c t fsdev_close
0000000000009220 00000000000000a4 t fsdev_fstat
00000000000092d0 00000000000000b0 t fsdev_seek
0000000000009380 0000000000000198 t fsdev_read
0000000000009520 00000000000001a0 t fsdev_write
00000000000096c0 0000000000000120 t fsdevFindDevice
00000000000097e0 0000000000000140 t _fsdevMountDevice
0000000000009920 00000000000001fc t fsdev_getfspath
0000000000009b20 0000000000000070 t fsdev_rmdir
0000000000009b90 00000000000000d4 t fsdev_statvfs
0000000000009c70 00000000000000ec t fsdev_diropen
0000000000009d60 0000000000000070 t fsdev_mkdir
0000000000009dd0 0000000000000114 t fsdev_rename
0000000000009ef0 00000000000000e8 t fsdev_chdir
0000000000009fe0 0000000000000070 t fsdev_unlink
000000000000a050 00000000000001bc t fsdev_stat
000000000000a210 000000000000019c t fsdev_open
000000000000a3b0 00000000000000b8 t _fsdevUnmountDeviceStruct.part.4
000000000000a470 0000000000000010 t fsdev_fchmod
000000000000a480 0000000000000170 T fsdevMountSdmc
000000000000a5f0 0000000000000064 T fsdevUnmountAll
000000000000a660 000000000000012c T decode_utf8
000000000000a78c T armDCacheFlush
000000000000a7b0 t armDCacheFlush_L0
000000000000a7c8 W __libnx_exception_entry
000000000000a854 t __libnx_exception_entry_start
000000000000a97c t __libnx_exception_entry_abort
000000000000a980 t __libnx_exception_entry_end
000000000000a988 T __libnx_exception_returnentry
000000000000a9a0 T __aarch64_read_tp
000000000000a9b0 0000000000000034 t ipcCloseObjectById
000000000000a9f0 000000000000012c t _timeGetSession
000000000000ab20 00000000000001ec T timeExit
000000000000ad10 00000000000000d8 T timeInitialize
000000000000adf0 0000000000000124 T timeGetCurrentTime
000000000000af20 0000000000000118 T timeToCalendarTimeWithMyRule
000000000000b040 0000000000000034 t ipcCloseObjectById
000000000000b080 0000000000000134 t _viGetSession.constprop.7
000000000000b1c0 00000000000001e4 T viExit
000000000000b3b0 00000000000002f8 T viInitialize
000000000000b6b0 000000000000000c T viGetSession_IHOSBinderDriverRelay
000000000000b6c0 0000000000000140 T viOpenDisplay
000000000000b800 0000000000000104 T viCloseDisplay
000000000000b910 0000000000000104 T viCloseLayer
000000000000ba20 0000000000000370 T viCreateLayer
000000000000bd90 00000000000000e8 T viSetLayerScalingMode
000000000000be80 0000000000000034 t ipcCloseObjectById
000000000000bec0 00000000000000d8 t _nvSetClientPID
000000000000bfa0 00000000000000c8 t ipcQueryPointerBufferSize.constprop.10
000000000000c070 00000000000000f0 t _nvInitialize.constprop.8
000000000000c160 000000000000010c t ipcCloneSession.constprop.9
000000000000c270 0000000000000100 T nvExit
000000000000c370 0000000000000184 T nvInitialize
000000000000c500 000000000000012c T nvConvertError
000000000000c630 000000000000012c T nvOpen
000000000000c760 0000000000000270 T nvIoctl
000000000000c9d0 00000000000000dc T nvClose
000000000000cab0 000000000000015c T nvQueryEvent
000000000000cc10 0000000000000220 t ipcPrepareHeader
000000000000ce30 000000000000022c t ipcParse
000000000000d060 00000000000000b0 t serviceIpcParse
000000000000d110 0000000000000034 t ipcCloseObjectById
000000000000d150 0000000000000200 T fsInitialize
000000000000d350 000000000000009c T fsExit
000000000000d3f0 00000000000001cc T fsMountSdcard
000000000000d5c0 00000000000001a4 T fsFsCreateFile
000000000000d770 000000000000019c T fsFsDeleteFile
000000000000d910 000000000000019c T fsFsCreateDirectory
000000000000dab0 000000000000019c T fsFsDeleteDirectory
000000000000dc50 0000000000000214 T fsFsRenameFile
000000000000de70 0000000000000214 T fsFsRenameDirectory
000000000000e090 00000000000001b0 T fsFsGetEntryType
000000000000e240 00000000000001e4 T fsFsOpenFile
000000000000e430 00000000000001f8 T fsFsOpenDirectory
000000000000e630 00000000000001b0 T fsFsGetFreeSpace
000000000000e7e0 00000000000001b0 T fsFsGetTotalSpace
000000000000e990 0000000000000194 T fsFsGetFileTimeStampRaw
000000000000eb30 000000000000006c T fsFsClose
000000000000eba0 00000000000001f0 T fsFileRead
000000000000ed90 00000000000001b8 T fsFileWrite
000000000000ef50 000000000000016c T fsFileFlush
000000000000f0c0 0000000000000174 T fsFileSetSize
000000000000f240 0000000000000194 T fsFileGetSize
000000000000f3e0 000000000000006c T fsFileClose
000000000000f450 000000000000006c T fsDirClose
000000000000f4c0 00000000000001ec T fsDirRead
000000000000f6b0 0000000000000034 t ipcCloseObjectById
000000000000f6f0 00000000000001d4 t _setsysGetFirmwareVersionImpl
000000000000f8d0 000000000000003c T setsysInitialize
000000000000f910 000000000000009c T setsysExit
000000000000f9b0 0000000000000044 T setsysGetFirmwareVersion
000000000000fa00 0000000000000060 t _nvFenceEventWaitCommon
000000000000fa60 000000000000005c T nvFenceInit
000000000000fac0 0000000000000098 T nvFenceExit
000000000000fb60 00000000000001e4 T nvFenceWait
000000000000fd50 000000000000007c T nvMultiFenceWait
000000000000fdd0 000000000000006c T nvMapInit
000000000000fe40 0000000000000068 T nvMapExit
000000000000feb0 0000000000000084 T nvMapClose
000000000000ff40 0000000000000150 T nvMapCreate
0000000000010090 0000000000000024 T nvioctlNvhostCtrl_EventSignal
00000000000100c0 000000000000003c T nvioctlNvhostCtrl_EventWait
0000000000010100 0000000000000028 T nvioctlNvhostCtrl_EventWaitAsync
0000000000010130 0000000000000024 T nvioctlNvhostCtrl_EventRegister
0000000000010160 0000000000000024 T nvioctlNvhostCtrl_EventUnregister
0000000000010190 000000000000003c T nvioctlNvmap_Create
00000000000101d0 0000000000000030 T nvioctlNvmap_Alloc
0000000000010200 0000000000000030 T nvioctlNvmap_Free
0000000000010230 000000000000003c T nvioctlNvmap_GetId
0000000000010270 00000000000000e8 T bqRequestBuffer
0000000000010360 0000000000000154 T bqDequeueBuffer
00000000000104c0 000000000000009c T bqDetachBuffer
0000000000010560 00000000000000e0 T bqQueueBuffer
0000000000010640 0000000000000090 T bqCancelBuffer
00000000000106d0 00000000000000e4 T bqConnect
00000000000107c0 000000000000009c T bqDisconnect
0000000000010860 0000000000000178 T bqSetPreallocatedBuffer
00000000000109e0 0000000000000138 t _binderTransactParcel
0000000000010b20 00000000000000c8 t ipcQueryPointerBufferSize
0000000000010bf0 0000000000000248 t _binderTransactParcelAuto
0000000000010e40 0000000000000014 T binderCreate
0000000000010e60 0000000000000010 T binderTransactParcel
0000000000010e70 0000000000000124 T binderConvertErrorCode
0000000000010fa0 00000000000000e8 T binderAdjustRefcount
0000000000011090 0000000000000074 T binderClose
0000000000011110 00000000000000c8 T binderInitSession
00000000000111e0 0000000000000144 T binderGetNativeHandle
0000000000011330 0000000000000028 T parcelCreate
0000000000011360 000000000000019c T parcelTransact
0000000000011500 0000000000000088 T parcelWriteData
0000000000011590 0000000000000098 T parcelReadData
0000000000011630 0000000000000020 T parcelWriteInt32
0000000000011650 0000000000000020 T parcelWriteUInt32
0000000000011670 0000000000000080 T parcelWriteString16
00000000000116f0 0000000000000030 T parcelWriteInterfaceToken
0000000000011720 0000000000000024 T parcelReadInt32
0000000000011750 0000000000000068 T parcelReadFlattenedObject
00000000000117c0 0000000000000044 T parcelWriteFlattenedObject
0000000000011810 00000000000000c4 T nxlinkSetup
00000000000118d8 0000000000000038 T aligned_alloc
0000000000011910 00000000000000b8 T bsearch
00000000000119c8 0000000000000030 T calloc
00000000000119f8 0000000000000094 T _calloc_r
0000000000011a90 0000000000000014 T __errno
0000000000011aa8 000000000000015c T _fclose_r
0000000000011c08 000000000000001c T fclose
0000000000011c28 0000000000000214 T __sflush_r
0000000000011e40 00000000000000b8 T _fflush_r
0000000000011ef8 0000000000000040 T fflush
0000000000011f38 0000000000000078 t std
0000000000011fb0 000000000000000c T _cleanup_r
0000000000011fc0 0000000000000060 T __sfmoreglue
0000000000012020 000000000000000c T __sfp_lock_acquire
0000000000012030 000000000000000c T __sfp_lock_release
0000000000012040 000000000000000c T __sinit_lock_acquire
0000000000012050 000000000000000c T __sinit_lock_release
0000000000012060 0000000000000080 T __sinit
00000000000120e0 0000000000000118 T __sfp
00000000000121f8 0000000000000044 T __libc_fini_array
0000000000012240 0000000000000130 T _fopen_r
0000000000012370 0000000000000030 T fopen
00000000000123a0 0000000000000328 T _fread_r
00000000000126c8 0000000000000040 T fread
0000000000012708 0000000000000118 T _malloc_trim_r
0000000000012820 00000000000002f4 T _free_r
0000000000012b18 0000000000000004 T _fseek_r
0000000000012b20 00000000000004c4 T _fseeko_r
0000000000012fe8 00000000000000b8 T _fwalk
00000000000130a0 00000000000000bc T _fwalk_reent
0000000000013160 000000000000008c T __libc_init_array
00000000000131f0 00000000000000a4 T __swhatbuf_r
0000000000013298 000000000000010c T __smakebuf_r
00000000000133a8 0000000000000030 T memalign
00000000000133d8 0000000000000198 T _memalign_r
0000000000013570 000000000000001c T malloc
0000000000013590 000000000000001c T free
00000000000135b0 000000000000087c T _malloc_r
0000000000013e2c 00000000000000d8 T memchr
0000000000013f40 000000000000016c T memcpy
00000000000140c0 00000000000001dc T memset
00000000000142a0 000000000000000c T __malloc_lock
00000000000142b0 000000000000000c T __malloc_unlock
00000000000142c0 000000000000008c T printf
0000000000014350 00000000000000d4 T _puts_r
0000000000014428 000000000000001c T puts
0000000000014448 0000000000000020 t lflush
0000000000014468 00000000000001d0 T __srefill_r
0000000000014638 000000000000003c T setenv
0000000000014678 0000000000000264 T _setenv_r
00000000000148e0 000000000000025c T setvbuf
0000000000014b40 00000000000000bc T sscanf
0000000000014c00 0000000000000050 T __sread
0000000000014c50 0000000000000008 T __seofread
0000000000014c58 000000000000006c T __swrite
0000000000014cc8 0000000000000050 T __sseek
0000000000014d18 0000000000000008 T __sclose
0000000000014d20 00000000000000dc T strchr
0000000000014e00 0000000000000140 T strlen
0000000000014f40 0000000000000084 T strncat
000000000001501c 00000000000001b8 T strncmp
00000000000151d8 00000000000000a8 T strncpy
00000000000152a4 00000000000000e0 T strnlen
0000000000015360 00000000000001ac t _strtoul_l.isra.0
0000000000015510 0000000000000034 T _strtoul_r
0000000000015548 0000000000000048 T strtoul
0000000000015590 000000000000005c t get_arg
00000000000155ec 0000000000002fd8 T __ssvfscanf_r
00000000000185c4 000000000000076c t get_arg
0000000000018d30 0000000000003c28 T _vfprintf_r
000000000001c958 00000000000000ec t __sbprintf
000000000001ca48 00000000000000d0 T _wcrtomb_r
000000000001cb18 0000000000000010 T _wcsrtombs_r
000000000001cb28 0000000000000140 T __swsetup_r
000000000001cc68 0000000000000124 T __call_exitprocs
000000000001cd90 00000000000001a8 t quorem
000000000001cf38 00000000000010dc T _dtoa_r
000000000001e018 000000000000000c T __env_lock
000000000001e028 000000000000000c T __env_unlock
000000000001e038 00000000000000a8 T __sflags
000000000001e0e0 00000000000004b8 T __sfvwrite_r
000000000001e598 0000000000000100 T _findenv_r
000000000001e698 0000000000000008 T iswspace
000000000001e6a0 0000000000000008 T __localeconv_l
000000000001e6a8 0000000000000028 T _localeconv_r
000000000001e6d0 000000000000002c T __locale_mb_cur_max
000000000001e700 00000000000000d8 T _mbrtowc_r
000000000001e7d8 00000000000002c8 T __utf8_mbtowc
000000000001eac0 00000000000000ac T memmove
000000000001eb70 0000000000000090 T _Balloc
000000000001ec00 000000000000001c T _Bfree
000000000001ec20 00000000000000e8 T __multadd
000000000001ed08 0000000000000120 T __s2b
000000000001ee28 000000000000005c T __hi0bits
000000000001ee88 00000000000000a0 T __lo0bits
000000000001ef28 000000000000002c T __i2b
000000000001ef58 00000000000001c8 T __multiply
000000000001f120 0000000000000104 T __pow5mult
000000000001f228 0000000000000134 T __lshift
000000000001f360 0000000000000050 T __mcmp
000000000001f3b0 000000000000014c T __mdiff
000000000001f500 0000000000000068 T __ulp
000000000001f568 0000000000000150 T __b2d
000000000001f6b8 0000000000000138 T __d2b
000000000001f7f0 00000000000000a0 T __ratio
000000000001f890 0000000000000068 T __copybits
000000000001f8f8 0000000000000084 T __any_on
000000000001f980 0000000000000030 T realloc
000000000001f9b0 000000000000056c T _realloc_r
000000000001ff20 00000000000000bc T __sccl
000000000001ffe0 000000000000000c T nanf
000000000001fff0 000000000000007c T frexp
0000000000020070 00000000000000a8 T sprintf
0000000000020118 00000000000000c8 T stpncpy
0000000000020200 00000000000000e4 T strcmp
00000000000202e8 0000000000000054 t sulp
0000000000020340 00000000000010e8 T _strtod_l
0000000000021428 0000000000000040 T _strtod_r
0000000000021468 00000000000001a0 t _strtoll_l.isra.0
0000000000021608 0000000000000034 T _strtoll_r
0000000000021640 00000000000001a0 t _strtol_l.isra.0
00000000000217e0 0000000000000034 T _strtol_r
0000000000021818 00000000000001ac t _strtoull_l.isra.0
00000000000219c8 0000000000000034 T _strtoull_r
00000000000219fc 00000000000001c0 T __ssprint_r
0000000000021bbc 00000000000000f4 T _sungetc_r
0000000000021cb0 0000000000000070 T __ssrefill_r
0000000000021d20 00000000000000e0 T _sfread_r
0000000000021e00 000000000000076c t get_arg
000000000002256c 0000000000003b38 T _svfprintf_r
00000000000260a8 00000000000000c8 T __submore
0000000000026170 000000000000003c T __sprint_r
00000000000261b0 00000000000001dc T _wcsnrtombs_l
0000000000026390 0000000000000054 T _wcsnrtombs_r
00000000000263e8 00000000000000e4 T __utf8_wctomb
00000000000264d0 0000000000000114 t rshift
00000000000265e8 00000000000007e8 T __gethex
0000000000026dd0 0000000000000048 T __match
0000000000026e18 000000000000022c T __hexnan
0000000000027048 000000000000004c T iswspace_l
0000000000027098 0000000000000244 t __jp2uc
00000000000272e0 00000000000000bc T _jp2uc_l
00000000000273a0 000000000000000c T nan
00000000000273b0 0000000000000088 T category
0000000000027438 0000000000000008 t null_write
0000000000027440 0000000000000018 T setDefaultDevice
0000000000027458 0000000000000108 T FindDevice
0000000000027560 0000000000000034 T RemoveDevice
0000000000027598 00000000000000d8 T AddDevice
0000000000027670 00000000000000a8 T _close_r
0000000000027718 0000000000000080 T _fstat_r
0000000000027798 0000000000000008 T _isatty_r
00000000000277a0 0000000000000094 T _lseek_r
0000000000027838 00000000000000e0 T _open_r
0000000000027918 00000000000000a4 T _read_r
00000000000279c0 0000000000000078 T _sbrk_r
0000000000027a38 00000000000000a4 T _write_r
0000000000027ae0 0000000000000020 T _exit
0000000000027b00 0000000000000234 T _concatenate_path
0000000000027d38 0000000000000178 T chdir
0000000000027eb0 0000000000000014 T __libc_lock_acquire
0000000000027ec8 0000000000000014 T __libc_lock_release
0000000000027ee0 000000000000000c T __libc_lock_init_recursive
0000000000027ef0 0000000000000014 T __libc_lock_acquire_recursive
0000000000027f08 0000000000000014 T __libc_lock_release_recursive
0000000000027f20 0000000000000004 T __libc_lock_close_recursive
0000000000027f28 000000000000003c T __free_handle
0000000000027f68 0000000000000058 T __release_handle
0000000000027fc0 00000000000000c0 T __alloc_handle
0000000000028080 0000000000000020 T __get_handle
00000000000280a0 0000000000000020 T __getreent
00000000000280c0 0000000000000150 t __extenddftf2
0000000000028210 0000000000000348 t __trunctfdf2
0000000000028558 0000000000000070 t __sfp_handle_exceptions
00000000000285c8 0000000000000100 T strrchr
00000000000286c8 T _fini
00000000000290d8 0000000000000014 r CSWTCH.91
0000000000029240 0000000000000030 r colorTable
0000000000029270 R default_font_bin
000000000002b270 R default_font_bin_end
000000000002b270 R default_font_bin_size
000000000002b278 0000000000000038 r g_nvColorFmtTable
000000000002b2c8 0000000000000018 r error_table
000000000002b360 0000000000000023 r g_bq_InterfaceDescriptor
000000000002b398 0000000000000101 R _ctype_
000000000002b568 0000000000000022 r basefix.6623
000000000002b718 0000000000000010 r blanks.6605
000000000002b728 0000000000000010 r zeroes.6606
000000000002b7d0 0000000000000028 R __mprec_bigtens
000000000002b7f8 00000000000000c8 R __mprec_tens
000000000002b8c0 000000000000000c r p05.5339
000000000002b900 0000000000000014 r fpi.5419
000000000002b918 0000000000000014 r fpinan.5455
000000000002b930 0000000000000028 r tinytens
000000000002b958 000000000000006c R __action_table
000000000002b9c8 0000000000000100 R __chclass
000000000002bac8 000000000000006c R __state_table
000000000002bc80 0000000000000010 r blanks.6590
000000000002bc90 0000000000000010 r zeroes.6591
000000000002bca0 0000000000000100 R __hexdig
000000000002bdb8 00000000000000bc r a1
000000000002be78 00000000000000bc r a2
000000000002bf38 000000000000005b r a3
000000000002bf98 0000000000000070 r a6
000000000002c008 00000000000000a2 r a7
000000000002c0b0 0000000000000040 r a8
000000000002c0f0 000000000000172a r b02cf
000000000002d820 0000000000001a7c r d02f4
000000000002f2a0 000000000000309c r categories
0000000000032348 0000000000000003 R DIRECTORY_PARENT
0000000000032350 r __EH_FRAME_BEGIN__
0000000000032350 R __eh_frame_hdr_end
0000000000032350 R __eh_frame_hdr_start
0000000000037f8c r __FRAME_END__
0000000000037f90 a _DYNAMIC
000000000003b000 t __frame_dummy_init_array_entry
000000000003b000 T __init_array_start
000000000003b000 B __preinit_array_end
000000000003b000 B __preinit_array_start
000000000003b000 D __tdata_lma
000000000003b000 D __tdata_lma_end
000000000003b008 t __do_global_dtors_aux_fini_array_entry
000000000003b008 T __fini_array_start
000000000003b008 T __init_array_end
000000000003b010 a _GLOBAL_OFFSET_TABLE_
000000000003b010 T __fini_array_end
000000000003b010 T __got_start__
000000000003b288 D __got_end__
000000000003b288 0000000000000001 V __nx_applet_auto_notifyrunning
000000000003b28c 0000000000000004 V __nx_applet_type
000000000003b290 0000000000000001 d firstConsoleInit.6156
000000000003b298 0000000000000058 d defaultConsole
000000000003b2f0 0000000000000008 d currentConsole
000000000003b2f8 00000000000000e0 d dotab_stdout
000000000003b3d8 0000000000000088 d s_consoleSwRenderer
000000000003b460 0000000000000008 V __nx_exception_stack_size
000000000003b468 0000000000000401 d __cwd
000000000003b86c 0000000000000004 d fsdev_fsdevice_cwd
000000000003b870 0000000000000004 d fsdev_fsdevice_default
000000000003b878 00000000000000e0 d fsdev_devoptab
000000000003b958 0000000000000004 V __nx_vi_stray_layer_flags
000000000003b95c 0000000000000004 d g_viServiceType
000000000003b960 0000000000000004 V __nx_nv_transfermem_size
000000000003b964 0000000000000004 d g_ctrl_fd
000000000003b968 0000000000000004 d g_nvmap_fd
000000000003b970 0000000000000008 D _impure_ptr
000000000003b978 0000000000000768 d impure_data
000000000003c0e0 0000000000000008 D _global_impure_ptr
000000000003c0e8 0000000000000008 D __malloc_sbrk_base
000000000003c0f0 0000000000000008 D __malloc_trim_threshold
000000000003c0f8 0000000000000810 D __malloc_av_
000000000003c908 0000000000000008 D environ
000000000003c910 00000000000001a8 D __global_locale
000000000003cab8 0000000000000002 d numempty
000000000003cac0 0000000000000018 D _C_numeric_locale
000000000003cad8 0000000000000004 d defaultDevice
000000000003cae0 0000000000000080 D devoptab_list
000000000003cb60 00000000000000e0 D dotab_stdnull
000000000003cc40 0000000000000400 d _current_working_directory
000000000003d040 0000000000000010 d __stderr_handle
000000000003d050 0000000000000010 d __stdin_handle
000000000003d060 0000000000000010 d __stdout_handle
000000000003d070 0000000000002000 d handles
000000000003f070 D __TMC_END__
000000000003f070 D __bss_start__
000000000003f070 b completed.7870
000000000003f078 b object.7875
0000000000040000 0000000000001000 b g_work_page
0000000000041000 0000000000001000 b g_ff_page
0000000000042000 000000000002f000 b g_reboot_payload
0000000000071000 0000000000000008 V __nx_applet_PerformanceConfiguration
0000000000071008 0000000000000004 V __nx_applet_exit_mode
000000000007100c 0000000000000001 b g_appletExitProcessFlag
0000000000071010 0000000000000018 b g_appletFirstHook
0000000000071028 0000000000000001 b g_appletFocusState
0000000000071030 000000000000000c b g_appletIApplicationCreator
0000000000071040 000000000000000c b g_appletIAudioController
0000000000071050 000000000000000c b g_appletICommonStateGetter
0000000000071060 000000000000000c b g_appletIDebugFunctions
0000000000071070 000000000000000c b g_appletIDisplayController
0000000000071080 000000000000000c b g_appletIFunctions
0000000000071090 000000000000000c b g_appletIGlobalStateController
00000000000710a0 000000000000000c b g_appletILibraryAppletCreator
00000000000710b0 000000000000000c b g_appletILibraryAppletSelfAccessor
00000000000710c0 000000000000000c b g_appletIProcessWindingController
00000000000710d0 000000000000000c b g_appletISelfController
00000000000710e0 000000000000000c b g_appletIWindowController
00000000000710f0 000000000000000c b g_appletLibraryAppletLaunchableEvent
0000000000071100 000000000000000c b g_appletMessageEvent
000000000007110c 0000000000000001 b g_appletNotifiedRunning
000000000007110d 0000000000000001 b g_appletOperationMode
0000000000071110 0000000000000004 b g_appletPerformanceMode
0000000000071118 000000000000000c b g_appletProxySession
0000000000071124 0000000000000004 b g_appletRecordingInitialized
0000000000071128 0000000000000028 b g_appletRecordingTmem
0000000000071150 0000000000000008 b g_appletResourceUserId
0000000000071158 000000000000000c b g_appletSrv
0000000000071168 0000000000000008 b g_refCnt
0000000000071170 0000000000000050 b g_controllerDown
00000000000711c0 00000000000001e0 b g_controllerEntries
00000000000713a0 0000000000000190 b g_controllerHeaders
0000000000071530 0000000000000050 b g_controllerHeld
0000000000071580 0000000000000028 b g_controllerLayout
00000000000715a8 0000000000000050 b g_controllerOld
00000000000715f8 0000000000000004 b g_controllerP1AutoID
0000000000071600 0000000000000050 b g_controllerTimestamps
0000000000071650 0000000000000050 b g_controllerUp
00000000000716a0 000000000000000c b g_hidIAppletResource
00000000000716b0 0000000000000010 b g_hidLock
00000000000716c0 0000000000000020 b g_hidSharedmem
00000000000716e0 000000000000000c b g_hidSrv
00000000000716f0 0000000000000020 b g_keyboardDown
0000000000071710 0000000000000038 b g_keyboardEntry
0000000000071748 0000000000000020 b g_keyboardHeld
0000000000071768 0000000000000008 b g_keyboardModDown
0000000000071770 0000000000000008 b g_keyboardModHeld
0000000000071778 0000000000000008 b g_keyboardModOld
0000000000071780 0000000000000008 b g_keyboardModUp
0000000000071788 0000000000000020 b g_keyboardOld
00000000000717a8 0000000000000008 b g_keyboardTimestamp
00000000000717b0 0000000000000020 b g_keyboardUp
00000000000717d0 0000000000000400 b g_mouse
0000000000071bd0 0000000000000008 b g_mouseDown
0000000000071bd8 0000000000000008 b g_mouseEntry
0000000000071be0 0000000000000008 b g_mouseHeld
0000000000071be8 0000000000000008 b g_mouseOld
0000000000071bf0 0000000000000008 b g_mouseTimestamp
0000000000071bf8 0000000000000008 b g_mouseUp
0000000000071c00 0000000000000008 b g_refCnt
0000000000071c08 000000000000000a b g_sixaxisEnabled
0000000000071c18 0000000000004650 b g_sixaxisLayouts
0000000000076268 0000000000000298 b g_touchEntry
0000000000076500 0000000000000008 b g_touchTimestamp
0000000000076508 0000000000000008 b g_refCnt
0000000000076510 0000000000000004 b g_smHandle
0000000000076518 0000000000000200 b g_smOverrides
0000000000076718 0000000000000008 b g_smOverridesNum
0000000000076720 000000000000000c b g_apmISession
0000000000076730 000000000000000c b g_apmSrv
0000000000076740 0000000000000008 b g_refCnt
0000000000076748 000000000000000c b g_splCryptoSrv
0000000000076758 000000000000000c b g_splEsSrv
0000000000076768 000000000000000c b g_splFsSrv
0000000000076778 000000000000000c b g_splManuSrv
0000000000076788 0000000000000008 b g_splRefCnt
0000000000076790 000000000000000c b g_splSrv
00000000000767a0 000000000000000c b g_splSslSrv
00000000000767ac 0000000000000004 b g_hosVersion
00000000000767b0 0000000000000001 b g_hasRandomSeed
00000000000767b1 0000000000000001 b g_isNso
00000000000767b4 0000000000000004 b g_lastLoadResult
00000000000767b8 0000000000000008 b g_loaderRetAddr
00000000000767c0 0000000000000004 b g_mainThreadHandle
00000000000767c8 0000000000000008 b g_nextLoadArgv
00000000000767d0 0000000000000008 b g_nextLoadPath
00000000000767d8 0000000000000008 b g_overrideArgv
00000000000767e0 0000000000000008 b g_overrideHeapAddr
00000000000767e8 0000000000000008 b g_overrideHeapSize
00000000000767f0 0000000000000004 b g_processHandle
00000000000767f8 0000000000000010 b g_randomSeed
0000000000076808 0000000000000010 b g_syscallHints
0000000000076818 0000000000000058 b currentCopy
0000000000076870 0000000000000004 b g_Version
0000000000076874 0000000000000001 b g_VersionCached
0000000000076878 0000000000000004 b g_VersionMutex
0000000000076880 0000000000000010 b g_AddressSpace
0000000000076890 0000000000000008 b g_CurrentAddr
0000000000076898 0000000000000030 b g_Region
00000000000768c8 0000000000000004 b g_VirtMemMutex
00000000000768d0 0000000000000078 b g_defaultWin
0000000000076948 0000000000000050 b g_viDisplay
0000000000076998 0000000000000010 b g_viLayer
00000000000769a8 0000000000000004 V __nx_exception_ignoredebug
00000000000769b0 0000000000000400 V __nx_exception_stack
0000000000076db0 0000000000000008 V __nx_heap_size
0000000000076db8 0000000000000008 b __bootticks
0000000000076dc0 0000000000000008 b __boottime
0000000000076dc8 0000000000000004 V __nx_time_type
0000000000076dd0 0000000000000008 b g_argv_empty
0000000000076dd8 0000000000002300 b fsdev_fsdevices
00000000000790d8 0000000000000001 b fsdev_initialised
00000000000790e0 0000000000000008 b g_refCnt
00000000000790e8 000000000000000c b g_timeLocalSystemClock
00000000000790f8 000000000000000c b g_timeNetworkSystemClock
0000000000079108 000000000000000c b g_timeSrv
0000000000079118 000000000000000c b g_timeTimeZoneService
0000000000079128 000000000000000c b g_timeUserSystemClock
0000000000079138 0000000000000008 V __nx_vi_layer_id
0000000000079140 000000000000000c b g_viIApplicationDisplayService
0000000000079150 000000000000000c b g_viIHOSBinderDriverIndirect
0000000000079160 000000000000000c b g_viIHOSBinderDriverRelay
0000000000079170 000000000000000c b g_viIManagerDisplayService
0000000000079180 000000000000000c b g_viISystemDisplayService
0000000000079190 0000000000000008 b g_nvIpcBufferSize
0000000000079198 000000000000000c b g_nvSrv
00000000000791a8 000000000000000c b g_nvSrvClone
00000000000791b8 0000000000000028 b g_nvTransfermem
00000000000791e0 0000000000000008 b g_refCnt
00000000000791e8 000000000000000c b g_fsSrv
00000000000791f8 0000000000000008 b g_refCnt
0000000000079200 0000000000000008 b g_refCntSys
0000000000079208 000000000000000c b g_setsysSrv
0000000000079218 0000000000000008 b g_NvEventUsedMask
0000000000079220 0000000000000300 b g_NvEvents
0000000000079520 0000000000000008 b g_refCnt
0000000000079528 0000000000000008 b g_refCnt
0000000000079530 000000000000000c b __sfp_recursive_mutex
0000000000079540 000000000000000c b __sinit_recursive_mutex
0000000000079550 0000000000000028 B __malloc_current_mallinfo
0000000000079578 0000000000000008 B __malloc_max_sbrked_mem
0000000000079580 0000000000000008 B __malloc_max_total_mem
0000000000079588 0000000000000008 B __malloc_top_pad
0000000000079590 000000000000000c b __malloc_recursive_mutex
000000000007959c 0000000000000004 b alloced.4086
00000000000795a0 000000000000000c B __atexit_recursive_mutex
00000000000795b0 0000000000000008 b initial_env
00000000000795b8 000000000000000c b __env_recursive_mutex
00000000000795c8 0000000000000008 b heap_start.5295
00000000000795d0 0000000000000008 B fake_heap_end
00000000000795d8 0000000000000008 B fake_heap_start
00000000000795e0 0000000000000400 b temp_cwd
00000000000799e0 0000000000000004 b __hndl_lock
00000000000799f0 0000000000000340 B __nx_exceptiondump
0000000000079d30 0000000000000008 B __stack_top
0000000000079d38 0000000000000008 B __system_argv
0000000000079d40 0000000000000004 B __system_argc
0000000000079d48 0000000000000004 B __nxlink_host
0000000000079d50 B __tls_start
000000000007e158 B __bss_end__
000000000007e158 A __end__
000000000007e158 B __tls_end
000000000007f000 A __argdata__
