0000000040006000 A __cold_crt0_start__
0000000040006000 A __start__
0000000040006000 T __start_cold
00000000400061c8 t _post_cold_crt0_reloc
0000000040006270 000000000000000c t __set_memory_registers_enable_mmu_1x_ttbr0_veneer
0000000040006280 000000000000000c t __init_dma_controllers_veneer
0000000040006290 000000000000000c t __flush_dcache_all_veneer
00000000400062a0 000000000000000c t __invalidate_icache_all_veneer
00000000400062b0 000000000000000c t __set_memory_registers_enable_mmu_5x_ttbr0_veneer
00000000400062f0 000000000000000c T get_coldboot_crt0_temp_stack_address
0000000040006300 0000000000000048 T get_coldboot_crt0_stack_address
0000000040006350 00000000000005a4 T coldboot_init
00000000400068f8 0000000000000020 t addrs.2449
0000000040006918 0000000000000020 t attribs.2451
0000000040006938 0000000000000018 t attribs.2476
0000000040006950 0000000000000040 t increments.2499
0000000040006990 0000000000000020 t is_block.2452
00000000400069b0 0000000000000008 t is_executable.2500
00000000400069b8 0000000000000015 t is_secure.2463
00000000400069d0 0000000000000040 t offs.2497
0000000040006a10 0000000000000040 t offs_5x.2501
0000000040006a50 00000000000000a8 t pas.2461
0000000040006af8 0000000000000018 t pas.2474
0000000040006b10 00000000000000a8 t pas_7x.2464
0000000040006bb8 0000000000000020 t sizes.2450
0000000040006bd8 00000000000000a8 t sizes.2462
0000000040006c80 0000000000000018 t sizes.2475
0000000040006c98 0000000000000040 t sizes.2498
0000000040006cd8 T g_coldboot_crt0_relocation_list
0000000040006dc0 A __cold_crt0_end__
0000000040020000 T __glob_origin__
0000000040020dc0 A __pk2ldr_lma__
0000000040021bd0 A __vectors_lma__
00000000400223c0 A __warmboot_crt0_lma__
0000000040022b40 A __main_lma__
000000004002c2e0 A __loaded_end_lma__
000000007c013000 T __start_warm
000000007c013000 A __warmboot_crt0_start__
000000007c0131d0 t __asm_dcache_level
000000007c0131fc t loop_set
000000007c013200 t loop_way
000000007c013234 t __asm_dcache_all
000000007c013254 t loop_level
000000007c013270 t skip
000000007c013290 t finished
000000007c013294 T flush_dcache_all
000000007c01329c T invalidate_dcache_all
000000007c0132a4 T flush_dcache_range
000000007c0132d8 T invalidate_dcache_range
000000007c013308 T invalidate_icache_all_inner_shareable
000000007c013320 T invalidate_icache_all
000000007c013340 T __set_memory_registers
000000007c013380 0000000000000024 T get_warmboot_crt0_stack_address
000000007c0133b0 0000000000000054 T get_warmboot_crt0_stack_address_critsec_enter
000000007c013410 00000000000000e4 T warmboot_crt0_critical_section_enter
000000007c013500 0000000000000134 T init_dma_controllers
000000007c013640 0000000000000034 T _set_memory_registers_enable_mmu
000000007c013680 000000000000003c T set_memory_registers_enable_mmu_1x_ttbr0
000000007c0136c0 000000000000003c T set_memory_registers_enable_mmu_5x_ttbr0
000000007c013700 0000000000000048 T warmboot_init
000000007c013748 T g_boot_critical_section
000000007c013750 0000000000000004 T g_exosphere_target_firmware_for_init
000000007c013780 A __warmboot_crt0_end__
00000001f01e0800 A __main_start__
00000001f01e0800 0000000000000040 T seal_key_internal
00000001f01e0848 0000000000000018 t __flush_dcache_all_veneer
00000001f01e0860 0000000000000018 t __flush_dcache_range_veneer
00000001f01e0880 000000000000003c T unseal_key_internal
00000001f01e08c0 0000000000000024 T seal_titlekey
00000001f01e08f0 000000000000001c T unseal_titlekey
00000001f01e0910 000000000000007c T seal_key
00000001f01e0990 0000000000000074 T unseal_key
00000001f01e0a10 0000000000000080 T __libc_init_array
00000001f01e0a90 0000000000000044 T __libc_fini_array
00000001f01e0ae0 00000000000000f0 T memcpy
00000001f01e0bd0 00000000000000e4 T memset
00000001f01e0cc0 0000000000000098 T memcmp
00000001f01e0d60 0000000000000074 T coldboot_main
00000001f01e0de0 00000000000002cc T save_se_and_power_down_cpu
00000001f01e10b0 0000000000000424 T cpu_suspend
00000001f01e14e0 0000000000000058 T bootconfig_matches_hardware_info
00000001f01e1540 0000000000000090 T bootconfig_load_and_verify
00000001f01e15d0 0000000000000018 T bootconfig_clear
00000001f01e15f0 0000000000000018 T bootconfig_is_package2_plaintext
00000001f01e1610 000000000000001c T bootconfig_set_package2_plaintext_and_unsigned
00000001f01e1630 000000000000001c T bootconfig_disable_program_verification
00000001f01e1650 0000000000000018 T bootconfig_is_debug_mode
00000001f01e1670 0000000000000020 T bootconfig_take_extabt_serror_to_el3
00000001f01e1690 0000000000000020 T bootconfig_get_value_for_sysctr0
00000001f01e16b0 0000000000000064 T bootconfig_get_memory_arrangement
00000001f01e1720 0000000000000070 T bootconfig_get_kernel_memory_configuration
00000001f01e1790 000000000000001c T bootconfig_load_boot_reason
00000001f01e17b0 0000000000000014 T bootconfig_set_package2_hash_for_recovery
00000001f01e17d0 000000000000002c T bootconfig_get_package2_hash_for_recovery
00000001f01e1800 0000000000000010 T bootconfig_is_recovery_boot
00000001f01e1810 0000000000000018 T bootconfig_get_boot_reason
00000001f01e1830 0000000000000054 T ams_map_irampage
00000001f01e1890 0000000000000038 T ams_unmap_irampage
00000001f01e18d0 0000000000000198 T ams_iram_copy
00000001f01e1a70 000000000000002c T tkey_set_expected_label_hash
00000001f01e1aa0 000000000000001c T tkey_set_master_key_rev
00000001f01e1ac0 0000000000000034 T tkey_set_type
00000001f01e1b00 00000000000000e4 T calculate_mgf1_and_xor
00000001f01e1bf0 0000000000000114 T tkey_rsa_oaep_unwrap
00000001f01e1d10 0000000000000078 T tkey_aes_unwrap
00000001f01e1d90 00000000000001a8 T smc_read_write_register
00000001f01e1f40 0000000000000014 T smc_set_config_user
00000001f01e1f60 000000000000002c T smc_get_config_user
00000001f01e1f90 000000000000002c T smc_get_config_priv
00000001f01e1fc0 00000000000000c8 T smc_get_result
00000001f01e2090 0000000000000010 T smc_cpu_on
00000001f01e20a0 0000000000000004 T smc_cpu_off
00000001f01e20b0 0000000000000010 T cpu_suspend_wrapper
00000001f01e20c0 0000000000000098 T smc_configure_carveout
00000001f01e2160 0000000000000028 T smc_panic
00000001f01e2190 0000000000000060 T smc_check_status
00000001f01e21f0 000000000000006c T smc_exp_mod_get_result
00000001f01e2260 0000000000000034 T smc_crypt_aes_status_check
00000001f01e22a0 00000000000000d4 T smc_unwrap_rsa_oaep_wrapped_titlekey_get_result
00000001f01e2380 0000000000000068 T smc_get_random_bytes_for_priv
00000001f01e23f0 0000000000000004 T set_suspend_for_debug
00000001f01e2400 0000000000000088 T set_version_specific_smcs
00000001f01e2490 0000000000000010 T get_smc_core012_stack_address
00000001f01e24a0 0000000000000034 T get_exception_entry_stack_address
00000001f01e24e0 0000000000000010 T clear_user_smc_in_progress
00000001f01e24f0 0000000000000028 T set_priv_smc_in_progress
00000001f01e2520 0000000000000010 T clear_priv_smc_in_progress
00000001f01e2530 00000000000000a0 T call_smc_handler
00000001f01e25d0 0000000000000040 T smc_wrapper_sync
00000001f01e2610 000000000000000c T smc_get_random_bytes_for_user
00000001f01e2620 000000000000000c T smc_generate_aes_kek
00000001f01e2630 000000000000000c T smc_load_aes_key
00000001f01e2640 000000000000000c T smc_generate_specific_aes_key
00000001f01e2650 000000000000000c T smc_compute_cmac
00000001f01e2660 000000000000000c T smc_load_rsa_oaep_key
00000001f01e2670 000000000000000c T smc_decrypt_rsa_private_key
00000001f01e2680 000000000000000c T smc_load_secure_exp_mod_key
00000001f01e2690 000000000000000c T smc_load_titlekey
00000001f01e26a0 000000000000000c T smc_unwrap_aes_wrapped_titlekey
00000001f01e26b0 000000000000000c T smc_encrypt_rsa_key_for_import
00000001f01e26c0 000000000000000c T smc_decrypt_or_import_rsa_key
00000001f01e26d0 000000000000000c T smc_cpu_suspend
00000001f01e26e0 000000000000000c T smc_ams_iram_copy
00000001f01e26f0 00000000000000d8 T smc_wrapper_async
00000001f01e27d0 0000000000000014 T smc_exp_mod
00000001f01e27f0 0000000000000014 T smc_crypt_aes
00000001f01e2810 0000000000000014 T smc_secure_exp_mod
00000001f01e2830 0000000000000014 T smc_unwrap_rsa_oaep_wrapped_titlekey
00000001f01e2850 0000000000000218 T configitem_set
00000001f01e2a70 0000000000000004 T configitem_is_recovery_boot
00000001f01e2a80 0000000000000018 T configitem_is_retail
00000001f01e2aa0 000000000000000c T configitem_should_profile_battery
00000001f01e2ab0 0000000000000014 T configitem_get_hardware_type
00000001f01e2ad0 0000000000000014 T configitem_set_debugmode_override
00000001f01e2af0 0000000000000314 T configitem_get
00000001f01e2e10 000000000000000c T actmon_set_callback
00000001f01e2e20 0000000000000010 T actmon_on_bpmp_wakeup
00000001f01e2e30 0000000000000044 T actmon_interrupt_handler
00000001f01e2e80 0000000000000078 T fuse_hw_read
00000001f01e2f00 0000000000000018 T fuse_disable_programming
00000001f01e2f20 0000000000000014 T fuse_get_bootrom_patch_version
00000001f01e2f40 0000000000000028 T fuse_get_reserved_odm
00000001f01e2f70 0000000000000054 T fuse_get_5x_key_generation
00000001f01e2fd0 0000000000000070 T fuse_get_device_id
00000001f01e3040 0000000000000018 T fuse_get_dram_id
00000001f01e3060 00000000000000b4 T fuse_get_hardware_type
00000001f01e3120 0000000000000040 T fuse_get_retail_type
00000001f01e3160 0000000000000080 T fuse_get_hardware_info
00000001f01e31e0 00000000000000f4 T fuse_has_rcm_bug_patch
00000001f01e32e0 0000000000000048 T fuse_init
00000001f01e3330 000000000000006c T randomcache_refill_segment
00000001f01e33a0 000000000000002c T randomcache_init
00000001f01e33d0 00000000000000b4 T randomcache_refill
00000001f01e3490 0000000000000050 T randomcache_getbytes
00000001f01e34e0 000000000000007c T intr_initialize_gic
00000001f01e3560 0000000000000098 T intr_initialize_gic_nonsecure
00000001f01e3600 0000000000000018 T intr_prepare_gicc_for_sleep
00000001f01e3620 0000000000000038 T intr_set_group
00000001f01e3660 0000000000000020 T intr_set_pending
00000001f01e3680 0000000000000018 T intr_set_priority
00000001f01e36a0 0000000000000018 T intr_set_cpu_mask
00000001f01e36c0 0000000000000038 T intr_set_edge_level
00000001f01e3700 0000000000000020 T intr_set_enabled
00000001f01e3720 0000000000000074 T handle_registered_interrupt
00000001f01e37a0 0000000000000044 T intr_register_handler
00000001f01e37f0 0000000000000010 T get_warmboot_main_stack_address
00000001f01e3800 0000000000000118 T warmboot_main
00000001f01e3920 0000000000000048 T uart_select
00000001f01e3970 00000000000000a4 T uart_init
00000001f01e3a20 0000000000000030 T uart_wait_idle
00000001f01e3a50 0000000000000044 T uart_send
00000001f01e3aa0 0000000000000104 T check_mkey_revision
00000001f01e3bb0 000000000000007c T mkey_detect_revision
00000001f01e3c30 0000000000000020 T mkey_get_revision
00000001f01e3c50 000000000000006c T mkey_get_keyslot
00000001f01e3cc0 0000000000000030 T set_old_devkey
00000001f01e3cf0 000000000000006c T devkey_get_keyslot
00000001f01e3d60 0000000000000078 T configure_gpu_ucode_carveout
00000001f01e3de0 00000000000000fc T configure_kernel_carveout
00000001f01e3ee0 0000000000000184 T configure_default_carveouts
00000001f01e4070 0000000000000088 T setup_dram_magic_numbers
00000001f01e4100 00000000000005b4 T bootup_misc_mmio
00000001f01e46c0 0000000000000348 T setup_4x_mmio
00000001f01e4a10 00000000000000d0 T setup_current_core_state
00000001f01e4ae0 000000000000003c T identity_unmap_iram_cd_tzram
00000001f01e4b20 0000000000000060 T secure_additional_devices
00000001f01e4b80 0000000000000024 T set_extabt_serror_taken_to_el3
00000001f01e4bb0 0000000000000020 T exp_mod_done_handler
00000001f01e4bd0 0000000000000024 T crypt_aes_done_handler
00000001f01e4c00 000000000000000c T get_exp_mod_done
00000001f01e4c10 00000000000000f8 T user_exp_mod
00000001f01e4d10 000000000000008c T user_get_random_bytes
00000001f01e4da0 0000000000000230 T user_generate_aes_kek
00000001f01e4fd0 000000000000008c T user_load_aes_key
00000001f01e5060 000000000000000c T get_crypt_aes_done
00000001f01e5070 00000000000001bc T user_crypt_aes
00000001f01e5230 00000000000001f4 T user_generate_specific_aes_key
00000001f01e5430 00000000000000dc T user_compute_cmac
00000001f01e5510 0000000000000130 T user_load_rsa_oaep_key
00000001f01e5640 0000000000000134 T user_decrypt_rsa_private_key
00000001f01e5780 0000000000000150 T user_load_secure_exp_mod_key
00000001f01e58d0 00000000000000f8 T user_secure_exp_mod
00000001f01e59d0 0000000000000140 T user_unwrap_rsa_oaep_wrapped_titlekey
00000001f01e5b10 0000000000000064 T user_load_titlekey
00000001f01e5b80 00000000000000a4 T user_unwrap_aes_wrapped_titlekey
00000001f01e5c30 00000000000001dc T user_encrypt_rsa_key_for_import
00000001f01e5e10 00000000000001a0 T user_decrypt_or_import_rsa_key
00000001f01e5fb0 0000000000000030 t clear_aes_keyslot_iv.part.2
00000001f01e5fe0 0000000000000044 T ll_init
00000001f01e6030 000000000000002c T se_operation_completed
00000001f01e6060 000000000000001c T se_check_error_status_reg
00000001f01e6080 0000000000000030 T se_check_for_error
00000001f01e60b0 0000000000000008 T se_trigger_interrupt
00000001f01e60c0 0000000000000020 T se_verify_flags_cleared
00000001f01e60e0 0000000000000040 T se_validate_stored_vector
00000001f01e6120 000000000000002c T se_generate_stored_vector
00000001f01e6150 0000000000000054 T set_aes_keyslot_flags
00000001f01e61b0 0000000000000064 T set_rsa_keyslot_flags
00000001f01e6220 000000000000003c T clear_aes_keyslot
00000001f01e6260 0000000000000064 T clear_rsa_keyslot
00000001f01e62d0 0000000000000054 T set_aes_keyslot
00000001f01e6330 00000000000000c8 T set_rsa_keyslot
00000001f01e6400 0000000000000058 T set_aes_keyslot_iv
00000001f01e6460 00000000000000b0 T se_aes_crypt_insecure_internal
00000001f01e6510 0000000000000044 T se_aes_ctr_crypt_insecure
00000001f01e6560 0000000000000058 T se_aes_cbc_encrypt_insecure
00000001f01e65c0 0000000000000058 T se_aes_cbc_decrypt_insecure
00000001f01e6620 0000000000000044 T se_get_exp_mod_output
00000001f01e6670 0000000000000068 T trigger_se_rsa_op
00000001f01e66e0 00000000000000d0 T se_exp_mod
00000001f01e67b0 00000000000000c4 T trigger_se_blocking_op
00000001f01e6880 0000000000000074 T decrypt_data_into_keyslot
00000001f01e6900 0000000000000114 T se_synchronous_exp_mod
00000001f01e6a20 00000000000000a4 T se_perform_aes_block_operation
00000001f01e6ad0 0000000000000134 T se_aes_ctr_crypt
00000001f01e6c10 0000000000000078 T se_aes_ecb_encrypt_block
00000001f01e6c90 0000000000000008 T se_aes_128_ecb_encrypt_block
00000001f01e6ca0 0000000000000070 T se_aes_ecb_decrypt_block
00000001f01e6d10 0000000000000250 T se_compute_aes_cmac
00000001f01e6f60 0000000000000008 T se_compute_aes_128_cmac
00000001f01e6f70 0000000000000008 T se_compute_aes_256_cmac
00000001f01e6f80 0000000000000088 T se_aes_256_cbc_encrypt
00000001f01e7010 00000000000000a0 T se_calculate_sha256
00000001f01e70b0 000000000000021c T se_rsa2048_pss_verify
00000001f01e72d0 000000000000006c T se_initialize_rng
00000001f01e7340 00000000000000a0 T se_generate_random
00000001f01e73e0 0000000000000028 T se_set_in_context_save_mode
00000001f01e7410 0000000000000088 T se_generate_random_key
00000001f01e74a0 0000000000000040 T se_generate_srk
00000001f01e74e0 00000000000000d4 T se_encrypt_with_srk
00000001f01e75c0 00000000000002b8 T se_save_context
00000001f01e7880 00000000000000b4 T upage_init
00000001f01e7940 0000000000000068 T user_copy_to_secure
00000001f01e79b0 000000000000006c T secure_copy_to_user
00000001f01e7a20 00000000000000e0 T clk_enable
00000001f01e7b00 0000000000000044 T clkrst_enable
00000001f01e7b50 000000000000004c T clkrst_disable
00000001f01e7ba0 000000000000004c T clkrst_reboot
00000001f01e7bf0 0000000000000024 T wait
00000001f01e7c20 000000000000005c T watchdog_reboot
00000001f01e7c80 000000000000000c t get_boot_critical_section
00000001f01e7ca0 0000000000000060 T use_core_entrypoint_and_argument
00000001f01e7d00 000000000000002c T set_core_entrypoint_and_argument
00000001f01e7d30 0000000000000068 T core_jump_to_lower_el
00000001f01e7da0 0000000000000180 T cpu_on
00000001f01e7f20 0000000000000128 T save_current_core_context
00000001f01e8050 0000000000000080 T power_down_current_core
00000001f01e80d0 0000000000000038 T cpu_off
00000001f01e8110 0000000000000128 T restore_current_core_context
00000001f01e8240 000000000000002c T is_core_active
00000001f01e8270 0000000000000028 T set_core_is_active
00000001f01e82a0 0000000000000028 T set_current_core_inactive
00000001f01e82d0 00000000000000d0 t gf128_mul
00000001f01e83a0 000000000000016c t ghash
00000001f01e8510 000000000000025c T gcm_decrypt_key
00000001f01e8770 0000000000000148 T gcm_encrypt_key
00000001f01e88c0 0000000000000050 T exosphere_load_config
00000001f01e8910 0000000000000020 T exosphere_get_target_firmware
00000001f01e8930 0000000000000038 T exosphere_should_perform_620_keygen
00000001f01e8970 0000000000000024 T exosphere_should_override_debugmode_priv
00000001f01e89a0 0000000000000024 T exosphere_should_override_debugmode_user
00000001f01e89d0 0000000000000094 T i2c_init
00000001f01e8a70 00000000000000a8 T i2c_write
00000001f01e8b20 00000000000000a4 T i2c_send
00000001f01e8bd0 00000000000000d4 T i2c_read
00000001f01e8cb0 00000000000000a0 T i2c_query
00000001f01e8d50 000000000000004c T i2c_send_pmic_cpu_shutdown_cmd
00000001f01e8da0 0000000000000030 T i2c_query_ti_charger_bit_7
00000001f01e8dd0 000000000000004c T i2c_clear_ti_charger_bit_7
00000001f01e8e20 000000000000004c T i2c_set_ti_charger_bit_7
00000001f01e8e70 0000000000000038 T panic
00000001f01e8eb0 0000000000000010 T generic_panic
00000001f01e8ec0 0000000000000018 T panic_predefined
00000001f01e8ee0 0000000000000034 T overlaps
00000001f01e8f14 T tlb_invalidate_all_inner_shareable
00000001f01e8f28 T tlb_invalidate_page_inner_shareable
00000001f01e8f40 T finalize_powerdown
00000001f01e8fa4 t wait_for_power_off
00000001f01e8fac T call_with_stack_pointer
00000001f01e8fc0 t __jump_to_main_cold
00000001f01e9010 t __jump_to_main_warm
00000001f01e9024 t __set_exception_entry_stack_pointer
00000001f01e904c T __jump_to_lower_el
00000001f01e9070 R sc7fw_bin
00000001f01e94c0 R sc7fw_bin_end
00000001f01e94c0 R sc7fw_bin_size
00000001f01e94c4 R rebootstub_bin
00000001f01e976c R rebootstub_bin_end
00000001f01e976c R rebootstub_bin_size
00000001f01e9770 0000000000000070 r g_seal_key_sources
00000001f01e97e0 0000000000000010 r g_titlekey_seal_key_source
00000001f01e9820 0000000000000030 r g_flow_core_offsets
00000001f01e9858 0000000000000100 r bootconfig_modulus.2842
00000001f01e9958 0000000000000020 r titlekek_sources
00000001f01e9a08 0000000000000030 r g_smc_tables
00000001f01e9a38 0000000000000010 r types.2637
00000001f01e9a50 0000000000000028 r offsets.1978
00000001f01e9a78 0000000000000080 r mkey_vectors
00000001f01e9af8 0000000000000080 r mkey_vectors_dev
00000001f01e9b78 0000000000000030 r g_flow_core_offsets
00000001f01e9c58 000000000000000c r CSWTCH.3
00000001f01e9c68 0000000000000005 r g_rsausecase_to_cryptousecase
00000001f01e9c70 0000000000000010 r context_save_known_pattern.3160
00000001f01e9c80 000000000000001c r g_clk_reg_offsets
00000001f01e9ca0 000000000000001c r g_rst_reg_offsets
00000001f01e9cc0 0000000000000030 r g_flow_core_offsets
00000001f01e9cf0 0000000000000010 r status_masks.2218
00000001f01e9d00 0000000000000010 r toggle_vals.2219
00000001f01e9d10 0000000000000030 r CSWTCH.6
00000001f01e9d40 0000000000000040 r codes.2756
00000001f01e9d80 T __fini_array_end
00000001f01e9d80 T __fini_array_start
00000001f01e9d80 A __got_end__
00000001f01e9d80 A __got_start__
00000001f01e9d80 T __init_array_end
00000001f01e9d80 T __init_array_start
00000001f01e9d80 D __preinit_array_end
00000001f01e9d80 D __preinit_array_start
00000001f01e9d80 0000000000000004 d g_tkey_master_key_rev
00000001f01e9d88 0000000000000020 d g_smc_ams_table
00000001f01e9da8 0000000000000090 d g_smc_priv_table
00000001f01e9e38 0000000000000130 d g_smc_user_table
00000001f01e9f68 0000000000000004 d g_random_cache_high
00000001f01e9f70 0000000000000020 d g_saved_carveouts
00000001f01e9f90 0000000000000010 d g_exosphere_cfg
00000001f01e9fa0 A __main_bss_start__
00000001f01e9fa0 0000000000000018 b g_boot_reason
00000001f01e9fb8 0000000000000020 b g_package2_hash_for_recovery
00000001f01e9fd8 0000000000000001 b g_ams_iram_page_mapped
00000001f01e9fe0 0000000000000001 b g_ams_userpage_mapped
00000001f01e9fe8 0000000000000020 b g_tkey_expected_label_hash
00000001f01ea008 0000000000000004 b g_tkey_type
00000001f01ea010 0000000000000002 b g_configured_carveouts
00000001f01ea018 0000000000000001 b g_is_priv_smc_in_progress
00000001f01ea020 0000000000000001 b g_is_user_smc_in_progress
00000001f01ea028 0000000000000008 B g_smc_callback
00000001f01ea030 0000000000000008 B g_smc_callback_key
00000001f01ea038 0000000000000001 b g_battery_profile
00000001f01ea039 0000000000000001 b g_debugmode_override_priv
00000001f01ea03a 0000000000000001 b g_debugmode_override_user
00000001f01ea040 0000000000000008 b g_actmon_callback
00000001f01ea048 0000000000000001 b g_has_checked_for_rcm_bug_patch
00000001f01ea049 0000000000000001 b g_has_rcm_bug_patch
00000001f01ea050 0000000000000400 b g_random_cache
00000001f01ea450 0000000000000004 b g_random_cache_low
00000001f01ea458 0000000000000040 b g_registered_interrupts
00000001f01ea498 0000000000000001 b g_determined_mkey_revision
00000001f01ea49c 0000000000000004 b g_mkey_revision
00000001f01ea4a0 0000000000000040 b g_old_devicekeys
00000001f01ea4e0 0000000000000080 b g_old_masterkeys
00000001f01ea560 0000000000000001 b g_has_booted_up
00000001f01ea561 0000000000000001 b g_crypt_aes_done
00000001f01ea562 0000000000000001 b g_exp_mod_done
00000001f01ea568 0000000000000400 b g_imported_exponents
00000001f01ea968 0000000000000008 b g_se_callback
00000001f01ea970 0000000000000008 b g_se_exp_sizes
00000001f01ea978 0000000000000001 b g_se_generated_vector
00000001f01ea980 0000000000000008 b g_se_modulus_sizes
00000001f01ea988 0000000000000010 b g_se_stored_test_vector
00000001f01ea998 0000000000000008 b g_user_page_user_address
00000001f01ea9a0 00000000000003a0 b g_cpu_contexts
00000001f01ead40 0000000000000001 b g_has_loaded_config
00000001f01ead48 A __end__
00000001f01ead48 A __main_end__
00000001f01eb000 A __argdata__
00000001f01f0000 A __pk2ldr_start__
00000001f01f0008 0000000000000018 t __flush_dcache_range_veneer
00000001f01f0020 0000000000000018 t __invalidate_icache_all_veneer
00000001f01f0038 0000000000000018 t __flush_dcache_all_veneer
00000001f01f0050 0000000000000054 t sync_with_nx_bootloader
00000001f01f00b0 00000000000000ec t derive_new_device_keys
00000001f01f01a0 00000000000001d8 t validate_package2_metadata
00000001f01f0380 0000000000000090 t package2_crypt_ctr.constprop.2
00000001f01f0410 0000000000000010 T get_pk2ldr_stack_address
00000001f01f0420 0000000000000858 T load_package2
00000001f01f0c78 0000000000000028 t CSWTCH.7
00000001f01f0ca0 0000000000000010 t devicekek_4x_seed
00000001f01f0cb0 0000000000000010 t devicekey_4x_seed
00000001f01f0cc0 0000000000000010 t devicekey_seed
00000001f01f0cd0 0000000000000010 t keyblob_key_seed_00
00000001f01f0ce0 0000000000000010 t masterkey_seed
00000001f01f0cf0 0000000000000050 t new_device_key_sources
00000001f01f0d40 0000000000000050 t new_device_keygen_sources
00000001f01f0d90 0000000000000050 t new_device_keygen_sources_dev
00000001f01f0de0 0000000000000020 t new_master_kek_sources
00000001f01f0e00 0000000000000010 t package2_key_source.3137
00000001f01f0e10 A __pk2ldr_bss_start__
00000001f01f0e10 A __pk2ldr_end__
00000001f01fa800 A __vectors_start__
00000001f01fa800 T exosphere_vectors
00000001f01fa800 t synch_sp0
00000001f01fa800 T unknown_exception
00000001f01fa880 t irq_sp0
00000001f01fa900 t fiq_sp0
00000001f01fa980 t serror_sp0
00000001f01faa00 t synch_spx
00000001f01faa80 t irq_spx
00000001f01fab00 t fiq_spx
00000001f01fab80 t serror_spx
00000001f01fac00 t synch_a64
00000001f01fac80 t irq_a64
00000001f01fad00 t fiq_a64
00000001f01fad80 t serror_a64
00000001f01fad84 T handle_core012_smc_exception
00000001f01fae00 t synch_a32
00000001f01fae80 t irq_a32
00000001f01faf00 t fiq_a32
00000001f01faf04 T handle_fiq_exception
00000001f01faf80 t serror_a32
00000001f01faf84 T handle_core3_smc_exception
00000001f01faff0 A __vectors_end__
