00000000800d0000 T _start
00000000800d0800 T el2_vector_table
00000000800d0f84 T switch_to_el1
00000000800d0fa0 T _post_el1_switch
00000000800d0fb0 t _unhandled_vector
00000000800d1088 t _handle_hypercall
00000000800d1180 00000000000000ac t print_registers
00000000800d1230 000000000000002c T unhandled_vector
00000000800d1260 0000000000000090 T handle_hypercall
00000000800d12f0 000000000000001c T _clear_bss
00000000800d1310 0000000000000044 T panic
00000000800d1360 0000000000000064 T main
00000000800d13d0 000000000000003c T main_el1
00000000800d1410 0000000000000068 T printk
00000000800d1480 0000000000000530 t number.isra.0
00000000800d19b0 0000000000000120 t string.isra.1
00000000800d1ad0 0000000000000df4 T vsnprintf
00000000800d2900 000000000000016c T memcpy
00000000800d2a80 00000000000001dc T memset
00000000800d2ca4 00000000000000e0 T strnlen
00000000800d2d60 T _init
00000000800d2d78 T _fini
00000000800d2d90 0000000000000101 R _ctype_
00000000800d2e98 0000000000000010 r be.2823
00000000800d2ea8 0000000000000010 r digits.2770
00000000800d2f68 0000000000000011 R hex_asc
00000000800d2f80 0000000000000010 r le.2824
00000000800d3198 R lds_bss_end
00000000800d3198 R lds_bss_start
00000000800e31a0 R el2_stack_end
00000000800f3200 R el1_stack_end
00000000800f3200 R lds_thermo_end
