00000000 A __heap_end__
00000000 A __heap_start__
40003000 A __chainloader_start__
40003000 T relocate_and_chainload
4000300c 0000007e T relocate_and_chainload_main
40003090 0000000c t __relocate_and_chainload_main_from_arm
400030a0 A __chainloader_bss_start__
400030a0 00006200 B g_chainloader_arg_data
400092a0 00000004 B g_chainloader_argc
400092a4 00000800 B g_chainloader_entries
40009aa4 00000004 B g_chainloader_entrypoint
40009aa8 00000004 B g_chainloader_num_entries
40009ac0 A __chainloader_end__
4000c000 A __stack_bottom__
40010000 A __stack_top__
40010000 A __start__
40010000 T _start
4001001c t _relocation_loop
40010034 t _relocation_loop_end
400100a8 T _init
400100b8 0000000c t ____program_init_from_arm
400100c4 0000000c t __main_from_arm
400100e0 A __chainloader_lma__
40010180 t .udivsi3_skip_div0_test
40010180 T __aeabi_uidiv
40010180 000000fc T __udivsi3
4001027c 00000020 T __aeabi_uidivmod
4001029c 00000002 W __aeabi_idiv0
4001029c 00000002 W __aeabi_ldiv0
400102a0 T __aeabi_uldivmod
400102dc 00000028 T __clzdi2
40010304 00000048 T __clzsi2
4001034c 00000224 T strcmp
40010570 t deregister_tm_clones
4001059c t register_tm_clones
400105d0 t __do_global_dtors_aux
40010600 t frame_dummy
40010628 000000a0 T check_and_display_panic
400106c8 0000002c T panic
400106f4 00000038 T sdram_get_params
4001072c 000017fc T sdram_init
40011f28 00000048 T btn_read
40011f70 00000022 T __program_exit
40011f94 00000084 T __program_init
40012018 000000a8 t stage2_ini_handler
400120c0 00000008 T stage2_get_program_path
400120c8 000002b0 T load_stage2
40012378 00006278 T sdram_lp0_save_params
400185f0 000000b8 t max77620_regulator_enable.part.2
400186a8 000000ac T max77620_regulator_set_voltage
40018754 00000014 T max77620_regulator_enable
40018768 000000c4 T config_oscillators
4001882c 000000a8 T config_gpios
400188d4 000001b8 T mbist_workaround
40018a8c 00000074 T config_se_brom
40018b00 000001a0 T nx_hwinit
40018ca0 00000030 T mc_enable_ahb_redirect
40018cd0 00000030 T mc_disable_ahb_redirect
40018d00 00000084 T mc_enable
40018d84 0000003c T set_aes_keyslot
40018dc0 0000000c t exit_callback
40018dcc 00000050 t config_ini_handler
40018e1c 00000190 T main
40018fac 000000f8 T clk_enable
400190a4 00000034 T clkrst_enable
400190d8 00000070 T clkrst_reboot
40019148 00000018 T clkrst_enable_fuse_regs
40019160 0000001c T fuse_init
4001917c 0000000c T fuse_disable_programming
40019188 00000018 T fuse_get_reserved_odm
400191a0 00000038 t gpio_simple_register_set
400191d8 00000012 T gpio_configure_mode
400191ec 00000014 T gpio_configure_direction
40019200 00000014 T gpio_write
40019214 0000002c T gpio_read
40019240 00000090 T mount_sd
400192d0 00000050 T unmount_sd
40019320 0000005c T read_from_file
4001937c 00000494 T display_init
40019810 00000010 T display_backlight
40019820 000001a4 T display_end
400199c4 00000080 T display_color_screen
40019a44 00000078 T display_init_framebuffer
40019abc 00000060 t i2c_write.part.0
40019b1c 00000078 t i2c_read.part.1
40019b94 00000080 T i2c_init
40019c14 00000054 T i2c_query
40019c68 0000004c T i2c_send
40019cb4 00000024 T setup_exception_handlers
40019cd8 00000118 T exception_handler_main
40019df0 00000084 T reboot_to_self
40019e74 00000010 T wait_for_button_and_reboot
40019e84 0000000c T generic_panic
40019e90 00000034 T fatal_error
40019ec4 00000074 T overlaps
40019f38 000000d8 T hexdump
4001a010 00000088 t sdmmc_device_send_r1_cmd.isra.1
4001a098 000000f8 t sdmmc_device_rw
4001a190 00000038 t sdmmc_sd_send_app_cmd
4001a1c8 00000042 t sdmmc_device_send_csd.isra.8
4001a20c 0000008c t sdmmc_sd_switch.isra.10
4001a298 00000074 t sdmmc_sd_switch_hs
4001a30c 0000003c t sdmmc_device_send_cid.isra.5
4001a348 00000014 T sdmmc_device_read
4001a35c 00000014 T sdmmc_device_write
4001a370 00000032 T sdmmc_device_finish
4001a3a4 00000a3c T sdmmc_device_sd_init
4001ade0 00000114 t sdmmc_clk_set_source
4001aef4 00000004 t sdmmc2_config
4001aef8 000000d0 t sdmmc_wait_for_inhibit
4001afc8 00000078 t sdmmc_wait_busy
4001b040 00000084 t sdmmc_wait_for_cmd
4001b0c4 00000040 t is_sdmmc_clk_rst
4001b104 00000040 t is_sdmmc_clk_enb
4001b144 00000060 t sdmmc_save_response.part.11
4001b1a4 00000040 t sdmmc_print.isra.12
4001b1e4 00000100 t sdmmc1_config
4001b2e4 00000004 t sdmmc4_config
4001b2e8 00000004 t sdmmc3_config
4001b2ec 0000001c T sdmmc_error
4001b308 000000a0 t sdmmc_autocal_config
4001b3a8 00000138 t sdmmc_autocal_run
4001b4e0 0000001c T sdmmc_warn
4001b4fc 0000001c T sdmmc_info
4001b518 0000001c T sdmmc_debug
4001b534 00000046 T sdmmc_adjust_sd_clock
4001b57c 0000005c T sdmmc_select_bus_width
4001b5d8 00000054 T sdmmc_select_voltage
4001b62c 000003c8 T sdmmc_select_speed
4001b9f4 00000456 T sdmmc_init
4001be4c 000000b4 T sdmmc_finish
4001bf00 0000002e T sdmmc_load_response
4001bf30 000003dc T sdmmc_send_cmd
4001c30c 000000fc T sdmmc_switch_voltage
4001c408 00000230 T sdmmc_execute_tuning
4001c638 00000100 T sdmmc_abort
4001c738 000000c2 T LZ_Uncompress
4001c7fc 0000000c T log_set_log_level
4001c808 0000000c T log_get_log_level
4001c814 00000038 T vprint
4001c84c 00000100 T print
4001c94c 0000050c t number.isra.0
4001ce58 000000b4 t string.isra.1
4001cf0c 000000ec T simple_strtoull
4001cff8 0000001c T simple_strtol
4001d014 00000024 T simple_strtoll
4001d038 0000067c T vsnprintf
4001d6b4 00000018 T snprintf
4001d6cc 00000474 T vsscanf
4001db40 00000018 T sscanf
4001db58 00000078 t ini_reader_string
4001dbd0 0000006c t find_chars_or_comment
4001dc3c 0000003c t rstrip
4001dc78 000001cc T ini_parse_stream
4001de44 00000028 T ini_parse_string
4001de6c 000000b8 t tchar2uni
4001df24 0000003e t get_ldnumber
4001df64 0000003a t validate
4001dfa0 00000044 t xname_sum
4001dfe4 00000014 t mem_cpy.part.0
4001dff8 000000f0 t put_utf
4001e0e8 000002e4 t get_fileinfo
4001e3cc 00000088 t init_alloc_info.isra.6
4001e454 00000046 t sync_window.part.7
4001e49c 0000007c t dir_clear
4001e518 000000f4 t sync_fs
4001e60c 00000038 t move_window.part.8
4001e644 000000b6 t change_bitmap
4001e6fc 00000198 t get_fat
4001e894 000000b8 t dir_sdi
4001e94c 000000cc t check_fs
4001ea18 000005fc t find_volume
4001f014 00000148 t put_fat.part.10
4001f15c 0000012c t remove_chain
4001f288 00000046 t fill_last_frag.isra.11.part.12
4001f2d0 0000005a t fill_first_frag.part.13
4001f32c 00000260 t create_chain
4001f58c 000000f0 t dir_next
4001f67c 0000013c t load_xdir
4001f7b8 0000008a t dir_alloc
4001f844 000000bc t store_xdir
4001f900 00000190 t dir_read.constprop.14
4001fa90 00000280 t dir_find
4001fd10 00000420 t follow_path
40020130 00000534 t dir_register
40020664 00000054 T f_mount
400206b8 0000031e T f_open
400209d8 000001e0 T f_read
40020bb8 00000216 T f_sync
40020dd0 00000026 T f_close
40020df8 0000004c T f_stat
40020e44 00000048 T ff_uni2oem
40020e8c 00000030 T ff_oem2uni
40020ebc 000000d8 T ff_wtoupper
40020f94 00000004 T disk_status
40020f98 00000004 T disk_initialize
40020f9c 00000028 T disk_read
40020fc4 00000028 T disk_write
40020fec 00000004 T disk_ioctl
40020ff0 00000044 t console_newline.part.0
40021034 000000b4 t video_drawchars.constprop.1
400210e8 000000fc T video_putc
400211e4 00000020 T video_puts
40021204 0000004c T video_init
40021260 t _exception_handler_common
400212a8 t _exception_handler_undefined_instruction
400212cc t _exception_handler_swi
400212f0 t _exception_handler_prefetch_abort
40021314 t _exception_handler_data_abort_normal
40021338 t _exception_handler_fiq
4002135c t _exception_handler_data_abort
40021384 T safecpy
40021390 t _safecpy_loop
400213ac t _safecpy_loop_end
400213b8 t _safecpy_end
400213c0 00000060 T __aeabi_lmul
400213c0 00000060 T __muldi3
40021420 000001a6 T __udivmoddi4
400215c8 0000002e T __libc_fini_array
400215f8 0000004e T __libc_init_array
40021648 000000aa T memcpy
400216f4 000000b4 T memmove
400217a8 000000b0 T memset
40021858 000000d8 T strchr
40021930 00000010 T strcpy
40021940 0000006c T strlen
400219ac 00000084 T strncpy
40021a30 0000002e T strnlen
40021a60 T _fini
40021a70 00000008 t ____aeabi_uidiv_from_thumb
40021a78 00000008 t ____clzdi2_from_thumb
40021a80 00000008 t __relocate_and_chainload_from_thumb
40021a88 00000008 t __strcmp_from_thumb
40021a90 0000000c t ____aeabi_ldiv0_from_arm
40021a9c 00000008 t ____aeabi_uldivmod_from_thumb
40021aa4 00000008 t __safecpy_from_thumb
40021aac 0000000c t ____udivmoddi4_from_arm
40021ab8 0000000c t ____aeabi_idiv0_from_arm
40021ac4 0000000c t __exception_handler_main_from_arm
40021ae0 R rebootstub_bin
40021d88 R rebootstub_bin_end
40021d88 R rebootstub_bin_size
40021e8c 000004ee r _dram_cfg_lz
4002256c 00000208 r _pmic_regulators
40022910 0000001c r g_clk_reg_offsets
4002292c 0000001c r g_rst_reg_offsets
40022980 00000080 r _display_config_10
40022a00 00000388 r _display_config_11
40022d88 00000088 r _display_config_12
40022e10 00000080 r _display_config_13
40022e90 000000b0 r _display_config_14
40022f40 000002f0 r _display_config_2
40023230 000001e0 r _display_config_3
40023410 00000158 r _display_config_4
40023568 000000a8 r _display_config_5
40023610 00000050 r _display_config_7
40023660 00000030 r _display_config_8
40023690 00000100 r cfg_display_framebuffer
40023790 00000040 r cfg_display_one_color
400237d0 00000018 r CSWTCH.6
40023890 00000020 r exception_names
400238b0 00000044 r register_names
40023dec 00000020 r taac_exp
40023e0c 00000040 r taac_mant
40023e4c 00000020 r tran_exp
40023e6c 00000010 r tran_mant
40023eb8 0000003c r CSWTCH.4
40024598 00000010 r be.5399
400245a8 00000010 r digits.5346
400245b8 00000011 R hex_asc
400245cc 00000010 r le.5400
400245f4 00000080 r ExCvt
40024674 0000000d r LfnOfs
400246d0 000001f2 r cvt1.4429
400248c4 000000bc r cvt2.4430
40024980 00000100 r uc850
40024a80 00000100 r video_font_draw_table32
40024b80 R exception_handler_table
40024ba0 00000101 R _ctype_
40024ca8 t __frame_dummy_init_array_entry
40024ca8 T __init_array_start
40024ca8 T __preinit_array_end
40024ca8 T __preinit_array_start
40024cac t __do_global_dtors_aux_fini_array_entry
40024cac T __fini_array_start
40024cac T __init_array_end
40024cb0 A __exidx_end
40024cb0 A __exidx_start
40024cb0 T __fini_array_end
40024cb0 00000004 d nl.4782
40024cb4 00001000 d video_fontdata
40025cc0 D __TMC_END__
40025cc0 A __bss_start__
40025cc0 b completed.9044
40025cc4 b object.9049
40025cdc 00000004 b g_panic_code
40025ce0 00000004 B __program_exit_callback
40025ce4 00000100 B g_stage2_path
40025de4 00005800 b g_bct0_buffer
4002b5e4 00000004 b g_framebuffer
4002b5e8 00000001 b g_ahb_redirect_enabled
4002b5e9 00000001 b g_sd_initialized
4002b5ea 00000001 b g_sd_mounted
4002b5ec 00000004 b _display_ver
4002b5f0 00000100 b conf.6157
4002b6f0 00000020 b sdmmc_clk_sources
4002b710 00000002 B g_screen_log_level
4002b714 00000260 b DirBuf
4002b974 00000004 b FatFs
4002b978 00000002 b Fsid
4002b97c 00000200 b LfnBuf
4002bb7c 00000004 b bgx
4002bb80 00000004 b console_col
4002bb84 00000004 b console_row
4002bb88 00000004 b eorx
4002bb8c 00000004 b video_console_address
4002bb90 00000004 b video_fb_address
4002bba0 b _exception_handler_stack
4002cba0 b _regs
4002cbe4 00000004 B fake_heap_end
4002cbe8 00000004 B fake_heap_start
4002cbec 00000048 B __syscalls
4002cc34 00000004 B __program_argv
4002cc38 00000004 B __program_argc
4002cc40 00000128 B g_sd_device
4002cd68 00000040 B g_sd_sdmmc
4002cda8 00000238 B sd_fs
4002cfe0 A __bss_end__
4002cfe0 A __end__
